This is pdfTeX, Version 3.141592653-2.6-1.40.26 (MiKTeX 24.4) (preloaded format=pdflatex 2024.10.6)  11 NOV 2025 20:59
entering extended mode
 restricted \write18 enabled.
 file:line:error style messages enabled.
 %&-line parsing enabled.
**"d:/Labs/Electronic labs/Vacuum/Vacuum.tex"
(d:/Labs/Electronic labs/Vacuum/Vacuum.tex
LaTeX2e <2024-06-01> patch level 2
L3 programming layer <2024-08-30>
(D:\Miktex\tex/latex/base\article.cls
Document Class: article 2024/02/08 v1.4n Standard LaTeX document class
(D:\Miktex\tex/latex/base\size12.clo
File: size12.clo 2024/02/08 v1.4n Standard LaTeX file (size option)
)
\c@part=\count194
\c@section=\count195
\c@subsection=\count196
\c@subsubsection=\count197
\c@paragraph=\count198
\c@subparagraph=\count199
\c@figure=\count266
\c@table=\count267
\abovecaptionskip=\skip49
\belowcaptionskip=\skip50
\bibindent=\dimen141
) (D:\Miktex\tex/latex/psnfss\mathptmx.sty
Package: mathptmx 2020/03/25 PSNFSS-v9.3 Times w/ Math, improved (SPQR, WaS) 
LaTeX Font Info:    Redeclaring symbol font `operators' on input line 28.
LaTeX Font Info:    Overwriting symbol font `operators' in version `normal'
(Font)                  OT1/cmr/m/n --> OT1/ztmcm/m/n on input line 28.
LaTeX Font Info:    Overwriting symbol font `operators' in version `bold'
(Font)                  OT1/cmr/bx/n --> OT1/ztmcm/m/n on input line 28.
LaTeX Font Info:    Redeclaring symbol font `letters' on input line 29.
LaTeX Font Info:    Overwriting symbol font `letters' in version `normal'
(Font)                  OML/cmm/m/it --> OML/ztmcm/m/it on input line 29.
LaTeX Font Info:    Overwriting symbol font `letters' in version `bold'
(Font)                  OML/cmm/b/it --> OML/ztmcm/m/it on input line 29.
LaTeX Font Info:    Redeclaring symbol font `symbols' on input line 30.
LaTeX Font Info:    Overwriting symbol font `symbols' in version `normal'
(Font)                  OMS/cmsy/m/n --> OMS/ztmcm/m/n on input line 30.
LaTeX Font Info:    Overwriting symbol font `symbols' in version `bold'
(Font)                  OMS/cmsy/b/n --> OMS/ztmcm/m/n on input line 30.
LaTeX Font Info:    Redeclaring symbol font `largesymbols' on input line 31.
LaTeX Font Info:    Overwriting symbol font `largesymbols' in version `normal'
(Font)                  OMX/cmex/m/n --> OMX/ztmcm/m/n on input line 31.
LaTeX Font Info:    Overwriting symbol font `largesymbols' in version `bold'
(Font)                  OMX/cmex/m/n --> OMX/ztmcm/m/n on input line 31.
\symbold=\mathgroup4
\symitalic=\mathgroup5
LaTeX Font Info:    Redeclaring math alphabet \mathbf on input line 34.
LaTeX Font Info:    Overwriting math alphabet `\mathbf' in version `normal'
(Font)                  OT1/cmr/bx/n --> OT1/ptm/bx/n on input line 34.
LaTeX Font Info:    Overwriting math alphabet `\mathbf' in version `bold'
(Font)                  OT1/cmr/bx/n --> OT1/ptm/bx/n on input line 34.
LaTeX Font Info:    Redeclaring math alphabet \mathit on input line 35.
LaTeX Font Info:    Overwriting math alphabet `\mathit' in version `normal'
(Font)                  OT1/cmr/m/it --> OT1/ptm/m/it on input line 35.
LaTeX Font Info:    Overwriting math alphabet `\mathit' in version `bold'
(Font)                  OT1/cmr/bx/it --> OT1/ptm/m/it on input line 35.
LaTeX Info: Redefining \hbar on input line 50.
) (D:\Miktex\tex/latex/base\inputenc.sty
Package: inputenc 2024/02/08 v1.3d Input encoding file
\inpenc@prehook=\toks17
\inpenc@posthook=\toks18
) (D:\Miktex\tex/latex/cmap\cmap.sty
Package: cmap 2021/02/06 v1.0j CMap support: searchable PDF
) (D:\Miktex\tex/latex/t2\mathtext.sty
Package: mathtext 2018/04/13 v1.1 transparent text-and-math defs
LaTeX Info: Redefining \halign on input line 119.
) (D:\Miktex\tex/latex/tools\array.sty
Package: array 2024/06/14 v2.6d Tabular extension package (FMi)
\col@sep=\dimen142
\ar@mcellbox=\box52
\extrarowheight=\dimen143
\NC@list=\toks19
\extratabsurround=\skip51
\backup@length=\skip52
\ar@cellbox=\box53
) (D:\Miktex\tex/latex/booktabs\booktabs.sty
Package: booktabs 2020/01/12 v1.61803398 Publication quality tables
\heavyrulewidth=\dimen144
\lightrulewidth=\dimen145
\cmidrulewidth=\dimen146
\belowrulesep=\dimen147
\belowbottomsep=\dimen148
\aboverulesep=\dimen149
\abovetopsep=\dimen150
\cmidrulesep=\dimen151
\cmidrulekern=\dimen152
\defaultaddspace=\dimen153
\@cmidla=\count268
\@cmidlb=\count269
\@aboverulesep=\dimen154
\@belowrulesep=\dimen155
\@thisruleclass=\count270
\@lastruleclass=\count271
\@thisrulewidth=\dimen156
) (D:\Miktex\tex/latex/multirow\multirow.sty
Package: multirow 2024/11/12 v2.9 Span multiple rows of a table
\multirow@colwidth=\skip53
\multirow@cntb=\count272
\multirow@dima=\skip54
\bigstrutjot=\dimen157
) (D:\Miktex\tex/generic/babel\babel.sty
Package: babel 2024/08/29 v24.9 The Babel package
\babel@savecnt=\count273
\U@D=\dimen158
\l@unhyphenated=\language79
 (D:\Miktex\tex/generic/babel\txtbabel.def)
\bbl@readstream=\read2
\bbl@dirlevel=\count274

*************************************
* Local config file bblopts.cfg used
*
(D:\Miktex\tex/latex/arabi\bblopts.cfg
File: bblopts.cfg 2005/09/08 v0.1 add Arabic and Farsi to "declared" options of babel
) (D:\Miktex\tex/latex/babel-russian\russianb.ldf
File: russianb.ldf 2021/01/10 1.3m Russian support for the Babel system
Language: russian 2020/09/09 1.3k Russian support for the Babel system


Package babel Warning: No Cyrillic font encoding has been loaded so far.
(babel)                A font encoding should be declared before babel.
(babel)                Default `T2A' encoding will be loaded  on input line 78.

(D:\Miktex\tex/latex/cyrillic\t2aenc.def
File: t2aenc.def 2023/11/07 v1.0k Cyrillic encoding definition file
Now handling font encoding T2A ...
... processing UTF-8 mapping file for font encoding T2A
 (D:\Miktex\tex/latex/base\t2aenc.dfu
File: t2aenc.dfu 2022/06/07 v1.3c UTF-8 support
   defining Unicode char U+00A4 (decimal 164)
   defining Unicode char U+00A7 (decimal 167)
   defining Unicode char U+00AB (decimal 171)
   defining Unicode char U+00BB (decimal 187)
   defining Unicode char U+0131 (decimal 305)
   defining Unicode char U+0237 (decimal 567)
   defining Unicode char U+0400 (decimal 1024)
   defining Unicode char U+0401 (decimal 1025)
   defining Unicode char U+0402 (decimal 1026)
   defining Unicode char U+0403 (decimal 1027)
   defining Unicode char U+0404 (decimal 1028)
   defining Unicode char U+0405 (decimal 1029)
   defining Unicode char U+0406 (decimal 1030)
   defining Unicode char U+0407 (decimal 1031)
   defining Unicode char U+0408 (decimal 1032)
   defining Unicode char U+0409 (decimal 1033)
   defining Unicode char U+040A (decimal 1034)
   defining Unicode char U+040B (decimal 1035)
   defining Unicode char U+040C (decimal 1036)
   defining Unicode char U+040D (decimal 1037)
   defining Unicode char U+040E (decimal 1038)
   defining Unicode char U+040F (decimal 1039)
   defining Unicode char U+0410 (decimal 1040)
   defining Unicode char U+0411 (decimal 1041)
   defining Unicode char U+0412 (decimal 1042)
   defining Unicode char U+0413 (decimal 1043)
   defining Unicode char U+0414 (decimal 1044)
   defining Unicode char U+0415 (decimal 1045)
   defining Unicode char U+0416 (decimal 1046)
   defining Unicode char U+0417 (decimal 1047)
   defining Unicode char U+0418 (decimal 1048)
   defining Unicode char U+0419 (decimal 1049)
   defining Unicode char U+041A (decimal 1050)
   defining Unicode char U+041B (decimal 1051)
   defining Unicode char U+041C (decimal 1052)
   defining Unicode char U+041D (decimal 1053)
   defining Unicode char U+041E (decimal 1054)
   defining Unicode char U+041F (decimal 1055)
   defining Unicode char U+0420 (decimal 1056)
   defining Unicode char U+0421 (decimal 1057)
   defining Unicode char U+0422 (decimal 1058)
   defining Unicode char U+0423 (decimal 1059)
   defining Unicode char U+0424 (decimal 1060)
   defining Unicode char U+0425 (decimal 1061)
   defining Unicode char U+0426 (decimal 1062)
   defining Unicode char U+0427 (decimal 1063)
   defining Unicode char U+0428 (decimal 1064)
   defining Unicode char U+0429 (decimal 1065)
   defining Unicode char U+042A (decimal 1066)
   defining Unicode char U+042B (decimal 1067)
   defining Unicode char U+042C (decimal 1068)
   defining Unicode char U+042D (decimal 1069)
   defining Unicode char U+042E (decimal 1070)
   defining Unicode char U+042F (decimal 1071)
   defining Unicode char U+0430 (decimal 1072)
   defining Unicode char U+0431 (decimal 1073)
   defining Unicode char U+0432 (decimal 1074)
   defining Unicode char U+0433 (decimal 1075)
   defining Unicode char U+0434 (decimal 1076)
   defining Unicode char U+0435 (decimal 1077)
   defining Unicode char U+0436 (decimal 1078)
   defining Unicode char U+0437 (decimal 1079)
   defining Unicode char U+0438 (decimal 1080)
   defining Unicode char U+0439 (decimal 1081)
   defining Unicode char U+043A (decimal 1082)
   defining Unicode char U+043B (decimal 1083)
   defining Unicode char U+043C (decimal 1084)
   defining Unicode char U+043D (decimal 1085)
   defining Unicode char U+043E (decimal 1086)
   defining Unicode char U+043F (decimal 1087)
   defining Unicode char U+0440 (decimal 1088)
   defining Unicode char U+0441 (decimal 1089)
   defining Unicode char U+0442 (decimal 1090)
   defining Unicode char U+0443 (decimal 1091)
   defining Unicode char U+0444 (decimal 1092)
   defining Unicode char U+0445 (decimal 1093)
   defining Unicode char U+0446 (decimal 1094)
   defining Unicode char U+0447 (decimal 1095)
   defining Unicode char U+0448 (decimal 1096)
   defining Unicode char U+0449 (decimal 1097)
   defining Unicode char U+044A (decimal 1098)
   defining Unicode char U+044B (decimal 1099)
   defining Unicode char U+044C (decimal 1100)
   defining Unicode char U+044D (decimal 1101)
   defining Unicode char U+044E (decimal 1102)
   defining Unicode char U+044F (decimal 1103)
   defining Unicode char U+0450 (decimal 1104)
   defining Unicode char U+0451 (decimal 1105)
   defining Unicode char U+0452 (decimal 1106)
   defining Unicode char U+0453 (decimal 1107)
   defining Unicode char U+0454 (decimal 1108)
   defining Unicode char U+0455 (decimal 1109)
   defining Unicode char U+0456 (decimal 1110)
   defining Unicode char U+0457 (decimal 1111)
   defining Unicode char U+0458 (decimal 1112)
   defining Unicode char U+0459 (decimal 1113)
   defining Unicode char U+045A (decimal 1114)
   defining Unicode char U+045B (decimal 1115)
   defining Unicode char U+045C (decimal 1116)
   defining Unicode char U+045D (decimal 1117)
   defining Unicode char U+045E (decimal 1118)
   defining Unicode char U+045F (decimal 1119)
   defining Unicode char U+0490 (decimal 1168)
   defining Unicode char U+0491 (decimal 1169)
   defining Unicode char U+0492 (decimal 1170)
   defining Unicode char U+0493 (decimal 1171)
   defining Unicode char U+0496 (decimal 1174)
   defining Unicode char U+0497 (decimal 1175)
   defining Unicode char U+0498 (decimal 1176)
   defining Unicode char U+0499 (decimal 1177)
   defining Unicode char U+049A (decimal 1178)
   defining Unicode char U+049B (decimal 1179)
   defining Unicode char U+049C (decimal 1180)
   defining Unicode char U+049D (decimal 1181)
   defining Unicode char U+04A0 (decimal 1184)
   defining Unicode char U+04A1 (decimal 1185)
   defining Unicode char U+04A2 (decimal 1186)
   defining Unicode char U+04A3 (decimal 1187)
   defining Unicode char U+04A4 (decimal 1188)
   defining Unicode char U+04A5 (decimal 1189)
   defining Unicode char U+04AA (decimal 1194)
   defining Unicode char U+04AB (decimal 1195)
   defining Unicode char U+04AE (decimal 1198)
   defining Unicode char U+04AF (decimal 1199)
   defining Unicode char U+04B0 (decimal 1200)
   defining Unicode char U+04B1 (decimal 1201)
   defining Unicode char U+04B2 (decimal 1202)
   defining Unicode char U+04B3 (decimal 1203)
   defining Unicode char U+04B6 (decimal 1206)
   defining Unicode char U+04B7 (decimal 1207)
   defining Unicode char U+04B8 (decimal 1208)
   defining Unicode char U+04B9 (decimal 1209)
   defining Unicode char U+04BA (decimal 1210)
   defining Unicode char U+04BB (decimal 1211)
   defining Unicode char U+04C0 (decimal 1216)
   defining Unicode char U+04C1 (decimal 1217)
   defining Unicode char U+04C2 (decimal 1218)
   defining Unicode char U+04D0 (decimal 1232)
   defining Unicode char U+04D1 (decimal 1233)
   defining Unicode char U+04D2 (decimal 1234)
   defining Unicode char U+04D3 (decimal 1235)
   defining Unicode char U+04D4 (decimal 1236)
   defining Unicode char U+04D5 (decimal 1237)
   defining Unicode char U+04D6 (decimal 1238)
   defining Unicode char U+04D7 (decimal 1239)
   defining Unicode char U+04D8 (decimal 1240)
   defining Unicode char U+04D9 (decimal 1241)
   defining Unicode char U+04DA (decimal 1242)
   defining Unicode char U+04DB (decimal 1243)
   defining Unicode char U+04DC (decimal 1244)
   defining Unicode char U+04DD (decimal 1245)
   defining Unicode char U+04DE (decimal 1246)
   defining Unicode char U+04DF (decimal 1247)
   defining Unicode char U+04E2 (decimal 1250)
   defining Unicode char U+04E3 (decimal 1251)
   defining Unicode char U+04E4 (decimal 1252)
   defining Unicode char U+04E5 (decimal 1253)
   defining Unicode char U+04E6 (decimal 1254)
   defining Unicode char U+04E7 (decimal 1255)
   defining Unicode char U+04E8 (decimal 1256)
   defining Unicode char U+04E9 (decimal 1257)
   defining Unicode char U+04EC (decimal 1260)
   defining Unicode char U+04ED (decimal 1261)
   defining Unicode char U+04EE (decimal 1262)
   defining Unicode char U+04EF (decimal 1263)
   defining Unicode char U+04F0 (decimal 1264)
   defining Unicode char U+04F1 (decimal 1265)
   defining Unicode char U+04F2 (decimal 1266)
   defining Unicode char U+04F3 (decimal 1267)
   defining Unicode char U+04F4 (decimal 1268)
   defining Unicode char U+04F5 (decimal 1269)
   defining Unicode char U+04F8 (decimal 1272)
   defining Unicode char U+04F9 (decimal 1273)
   defining Unicode char U+200C (decimal 8204)
   defining Unicode char U+2013 (decimal 8211)
   defining Unicode char U+2014 (decimal 8212)
   defining Unicode char U+2018 (decimal 8216)
   defining Unicode char U+2019 (decimal 8217)
   defining Unicode char U+201C (decimal 8220)
   defining Unicode char U+201D (decimal 8221)
   defining Unicode char U+201E (decimal 8222)
   defining Unicode char U+2030 (decimal 8240)
   defining Unicode char U+2031 (decimal 8241)
   defining Unicode char U+2116 (decimal 8470)
   defining Unicode char U+2329 (decimal 9001)
   defining Unicode char U+3008 (decimal 12296)
   defining Unicode char U+232A (decimal 9002)
   defining Unicode char U+3009 (decimal 12297)
   defining Unicode char U+2423 (decimal 9251)
   defining Unicode char U+27E8 (decimal 10216)
   defining Unicode char U+27E9 (decimal 10217)
   defining Unicode char U+FB00 (decimal 64256)
   defining Unicode char U+FB01 (decimal 64257)
   defining Unicode char U+FB02 (decimal 64258)
   defining Unicode char U+FB03 (decimal 64259)
   defining Unicode char U+FB04 (decimal 64260)
   defining Unicode char U+FB05 (decimal 64261)
   defining Unicode char U+FB06 (decimal 64262)
)
\symT2Aletters=\mathgroup6
)
Package babel Info: Making " an active character on input line 124.
Package babel Info: Default for \cyrdash is provided on input line 163.
) (D:\Miktex\tex/latex/babel-english\english.ldf
Language: english 2017/06/06 v3.3r English support from the babel system
Package babel Info: Hyphen rules for 'canadian' set to \l@english
(babel)             (\language0). Reported on input line 102.
Package babel Info: Hyphen rules for 'australian' set to \l@ukenglish
(babel)             (\language73). Reported on input line 105.
Package babel Info: Hyphen rules for 'newzealand' set to \l@ukenglish
(babel)             (\language73). Reported on input line 108.
)) (D:\Miktex\tex/generic/babel/locale/en\babel-english.tex
Package babel Info: Importing font and identification data for english
(babel)             from babel-en.ini. Reported on input line 11.
) (D:\Miktex\tex/generic/babel/locale/ru\babel-russian.tex
Package babel Info: Importing font and identification data for russian
(babel)             from babel-ru.ini. Reported on input line 11.
) (D:\Miktex\tex/latex/amsmath\amsmath.sty
Package: amsmath 2024/05/23 v2.17q AMS math features
\@mathmargin=\skip55

For additional information on amsmath, use the `?' option.
(D:\Miktex\tex/latex/amsmath\amstext.sty
Package: amstext 2021/08/26 v2.01 AMS text
 (D:\Miktex\tex/latex/amsmath\amsgen.sty
File: amsgen.sty 1999/11/30 v2.0 generic functions
\@emptytoks=\toks20
\ex@=\dimen159
)) (D:\Miktex\tex/latex/amsmath\amsbsy.sty
Package: amsbsy 1999/11/29 v1.2d Bold Symbols
\pmbraise@=\dimen160
) (D:\Miktex\tex/latex/amsmath\amsopn.sty
Package: amsopn 2022/04/08 v2.04 operator names
)
\inf@bad=\count275
LaTeX Info: Redefining \frac on input line 233.
\uproot@=\count276
\leftroot@=\count277
LaTeX Info: Redefining \overline on input line 398.
LaTeX Info: Redefining \colon on input line 409.
\classnum@=\count278
\DOTSCASE@=\count279
LaTeX Info: Redefining \ldots on input line 495.
LaTeX Info: Redefining \dots on input line 498.
LaTeX Info: Redefining \cdots on input line 619.
\Mathstrutbox@=\box54
\strutbox@=\box55
LaTeX Info: Redefining \big on input line 721.
LaTeX Info: Redefining \Big on input line 722.
LaTeX Info: Redefining \bigg on input line 723.
LaTeX Info: Redefining \Bigg on input line 724.
\big@size=\dimen161
LaTeX Font Info:    Redeclaring font encoding OML on input line 742.
\symOMLletters=\mathgroup7
LaTeX Font Info:    Redeclaring font encoding OMS on input line 743.
\symOMSletters=\mathgroup8
\macc@depth=\count280
LaTeX Info: Redefining \bmod on input line 904.
LaTeX Info: Redefining \pmod on input line 909.
LaTeX Info: Redefining \smash on input line 939.
LaTeX Info: Redefining \relbar on input line 969.
LaTeX Info: Redefining \Relbar on input line 970.
\c@MaxMatrixCols=\count281
\dotsspace@=\muskip17
\c@parentequation=\count282
\dspbrk@lvl=\count283
\tag@help=\toks21
\row@=\count284
\column@=\count285
\maxfields@=\count286
\andhelp@=\toks22
\eqnshift@=\dimen162
\alignsep@=\dimen163
\tagshift@=\dimen164
\tagwidth@=\dimen165
\totwidth@=\dimen166
\lineht@=\dimen167
\@envbody=\toks23
\multlinegap=\skip56
\multlinetaggap=\skip57
\mathdisplay@stack=\toks24
LaTeX Info: Redefining \[ on input line 2953.
LaTeX Info: Redefining \] on input line 2954.
) (D:\Miktex\tex/latex/amsfonts\amsfonts.sty
Package: amsfonts 2013/01/14 v3.01 Basic AMSFonts support
\symAMSa=\mathgroup9
\symAMSb=\mathgroup10
LaTeX Font Info:    Overwriting math alphabet `\mathfrak' in version `bold'
(Font)                  U/euf/m/n --> U/euf/b/n on input line 106.
) (D:\Miktex\tex/latex/amsfonts\amssymb.sty
Package: amssymb 2013/01/14 v3.01 AMS font symbols
) (D:\Miktex\tex/latex/amscls\amsthm.sty
Package: amsthm 2020/05/29 v2.20.6
\thm@style=\toks25
\thm@bodyfont=\toks26
\thm@headfont=\toks27
\thm@notefont=\toks28
\thm@headpunct=\toks29
\thm@preskip=\skip58
\thm@postskip=\skip59
\thm@headsep=\skip60
\dth@everypar=\toks30
) (D:\Miktex\tex/latex/mathtools\mathtools.sty
Package: mathtools 2024/03/11 v1.30 mathematical typesetting tools
 (D:\Miktex\tex/latex/graphics\keyval.sty
Package: keyval 2022/05/29 v1.15 key=value parser (DPC)
\KV@toks@=\toks31
) (D:\Miktex\tex/latex/tools\calc.sty
Package: calc 2023/07/08 v4.3 Infix arithmetic (KKT,FJ)
\calc@Acount=\count287
\calc@Bcount=\count288
\calc@Adimen=\dimen168
\calc@Bdimen=\dimen169
\calc@Askip=\skip61
\calc@Bskip=\skip62
LaTeX Info: Redefining \setlength on input line 80.
LaTeX Info: Redefining \addtolength on input line 81.
\calc@Ccount=\count289
\calc@Cskip=\skip63
) (D:\Miktex\tex/latex/mathtools\mhsetup.sty
Package: mhsetup 2021/03/18 v1.4 programming setup (MH)
)
\g_MT_multlinerow_int=\count290
\l_MT_multwidth_dim=\dimen170
\origjot=\skip64
\l_MT_shortvdotswithinadjustabove_dim=\dimen171
\l_MT_shortvdotswithinadjustbelow_dim=\dimen172
\l_MT_above_intertext_sep=\dimen173
\l_MT_below_intertext_sep=\dimen174
\l_MT_above_shortintertext_sep=\dimen175
\l_MT_below_shortintertext_sep=\dimen176
\xmathstrut@box=\box56
\xmathstrut@dim=\dimen177
) (D:\Miktex\tex/latex/was\icomma.sty
Package: icomma 2002/03/10 v2.0 (WaS)
) (D:\Miktex\tex/latex/base\fontenc.sty
Package: fontenc 2021/04/29 v2.0v Standard LaTeX package
LaTeX Font Info:    Trying to load font information for T2A+ptm on input line 116.
LaTeX Font Info:    No file T2Aptm.fd. on input line 116.
LaTeX Font Info:    Trying to load font information for T2A+cmr on input line 116.
 (D:\Miktex\tex/latex/cyrillic\t2acmr.fd
File: t2acmr.fd 2001/08/11 v1.0a Computer Modern Cyrillic font definitions
)

LaTeX Font Warning: Font shape `T2A/ptm/m/n' undefined
(Font)              using `T2A/cmr/m/n' instead on input line 116.

<<t2a.cmap>>) (D:\Miktex\tex/latex/geometry\geometry.sty
Package: geometry 2020/01/02 v5.9 Page Geometry
 (D:\Miktex\tex/generic/iftex\ifvtex.sty
Package: ifvtex 2019/10/25 v1.7 ifvtex legacy package. Use iftex instead.
 (D:\Miktex\tex/generic/iftex\iftex.sty
Package: iftex 2022/02/03 v1.0f TeX engine tests
))
\Gm@cnth=\count291
\Gm@cntv=\count292
\c@Gm@tempcnt=\count293
\Gm@bindingoffset=\dimen178
\Gm@wd@mp=\dimen179
\Gm@odd@mp=\dimen180
\Gm@even@mp=\dimen181
\Gm@layoutwidth=\dimen182
\Gm@layoutheight=\dimen183
\Gm@layouthoffset=\dimen184
\Gm@layoutvoffset=\dimen185
\Gm@dimlist=\toks32
 (D:\Miktex\tex/latex/geometry\geometry.cfg)) (D:\Miktex\tex/latex/tools\indentfirst.sty
Package: indentfirst 2023/07/02 v1.03 Indent first paragraph (DPC)
) (D:\Miktex\tex/latex/amsfonts\euscript.sty
Package: euscript 2009/06/22 v3.00 Euler Script fonts
LaTeX Font Info:    Overwriting math alphabet `\EuScript' in version `bold'
(Font)                  U/eus/m/n --> U/eus/b/n on input line 33.
) (D:\Miktex\tex/latex/jknappen\mathrsfs.sty
Package: mathrsfs 1996/01/01 Math RSFS package v1.0 (jk)
\symrsfs=\mathgroup11
) (D:\Miktex\tex/latex/physics\physics.sty
Package: physics 
 (D:\Miktex\tex/latex/l3packages/xparse\xparse.sty (D:\Miktex\tex/latex/l3kernel\expl3.sty
Package: expl3 2024-08-30 L3 programming layer (loader) 
 (D:\Miktex\tex/latex/l3backend\l3backend-pdftex.def
File: l3backend-pdftex.def 2024-05-08 L3 backend support: PDF output (pdfTeX)
\l__color_backend_stack_int=\count294
\l__pdf_internal_box=\box57
))
Package: xparse 2024-08-16 L3 Experimental document command parser
)) (D:\Miktex\tex/latex/graphics\graphicx.sty
Package: graphicx 2021/09/16 v1.2d Enhanced LaTeX Graphics (DPC,SPQR)
 (D:\Miktex\tex/latex/graphics\graphics.sty
Package: graphics 2024/05/23 v1.4g Standard LaTeX Graphics (DPC,SPQR)
 (D:\Miktex\tex/latex/graphics\trig.sty
Package: trig 2023/12/02 v1.11 sin cos tan (DPC)
) (D:\Miktex\tex/latex/graphics-cfg\graphics.cfg
File: graphics.cfg 2016/06/04 v1.11 sample graphics configuration
)
Package graphics Info: Driver file: pdftex.def on input line 106.
 (D:\Miktex\tex/latex/graphics-def\pdftex.def
File: pdftex.def 2024/04/13 v1.2c Graphics/color driver for pdftex
))
\Gin@req@height=\dimen186
\Gin@req@width=\dimen187
) (D:\Miktex\tex/latex/wrapfig\wrapfig.sty
\wrapoverhang=\dimen188
\WF@size=\dimen189
\c@WF@wrappedlines=\count295
\WF@box=\box58
\WF@everypar=\toks33
Package: wrapfig 2003/01/31  v 3.6
) (D:\Miktex\tex/latex/caption\subcaption.sty
Package: subcaption 2023/07/28 v1.6b Sub-captions (AR)
 (D:\Miktex\tex/latex/caption\caption.sty
Package: caption 2023/08/05 v3.6o Customizing captions (AR)
 (D:\Miktex\tex/latex/caption\caption3.sty
Package: caption3 2023/07/31 v2.4d caption3 kernel (AR)
\caption@tempdima=\dimen190
\captionmargin=\dimen191
\caption@leftmargin=\dimen192
\caption@rightmargin=\dimen193
\caption@width=\dimen194
\caption@indent=\dimen195
\caption@parindent=\dimen196
\caption@hangindent=\dimen197
Package caption Info: Standard document class detected.
)
\c@caption@flags=\count296
\c@continuedfloat=\count297
Package caption Info: wrapfig package is loaded.
)
Package caption Info: New subtype `subfigure' on input line 238.
\c@subfigure=\count298
Package caption Info: New subtype `subtable' on input line 238.
\c@subtable=\count299
) (D:\Miktex\tex/latex/hyperref\hyperref.sty
Package: hyperref 2024-07-10 v7.01j Hypertext links for LaTeX
 (D:\Miktex\tex/latex/kvsetkeys\kvsetkeys.sty
Package: kvsetkeys 2022-10-05 v1.19 Key value parser (HO)
) (D:\Miktex\tex/generic/kvdefinekeys\kvdefinekeys.sty
Package: kvdefinekeys 2019-12-19 v1.6 Define keys (HO)
) (D:\Miktex\tex/generic/pdfescape\pdfescape.sty
Package: pdfescape 2019/12/09 v1.15 Implements pdfTeX's escape features (HO)
 (D:\Miktex\tex/generic/ltxcmds\ltxcmds.sty
Package: ltxcmds 2023-12-04 v1.26 LaTeX kernel commands for general use (HO)
) (D:\Miktex\tex/generic/pdftexcmds\pdftexcmds.sty
Package: pdftexcmds 2020-06-27 v0.33 Utility functions of pdfTeX for LuaTeX (HO)
 (D:\Miktex\tex/generic/infwarerr\infwarerr.sty
Package: infwarerr 2019/12/03 v1.5 Providing info/warning/error messages (HO)
)
Package pdftexcmds Info: \pdf@primitive is available.
Package pdftexcmds Info: \pdf@ifprimitive is available.
Package pdftexcmds Info: \pdfdraftmode found.
)) (D:\Miktex\tex/latex/hycolor\hycolor.sty
Package: hycolor 2020-01-27 v1.10 Color options for hyperref/bookmark (HO)
) (D:\Miktex\tex/latex/hyperref\nameref.sty
Package: nameref 2023-11-26 v2.56 Cross-referencing by name of section
 (D:\Miktex\tex/latex/refcount\refcount.sty
Package: refcount 2019/12/15 v3.6 Data extraction from label references (HO)
) (D:\Miktex\tex/generic/gettitlestring\gettitlestring.sty
Package: gettitlestring 2019/12/15 v1.6 Cleanup title references (HO)
 (D:\Miktex\tex/latex/kvoptions\kvoptions.sty
Package: kvoptions 2022-06-15 v3.15 Key value format for package options (HO)
))
\c@section@level=\count300
) (D:\Miktex\tex/latex/etoolbox\etoolbox.sty
Package: etoolbox 2020/10/05 v2.5k e-TeX tools for LaTeX (JAW)
\etb@tempcnta=\count301
) (D:\Miktex\tex/generic/stringenc\stringenc.sty
Package: stringenc 2019/11/29 v1.12 Convert strings between diff. encodings (HO)
)
\@linkdim=\dimen198
\Hy@linkcounter=\count302
\Hy@pagecounter=\count303
 (D:\Miktex\tex/latex/hyperref\pd1enc.def
File: pd1enc.def 2024-07-10 v7.01j Hyperref: PDFDocEncoding definition (HO)
Now handling font encoding PD1 ...
... no UTF-8 mapping file for font encoding PD1
\symPD1letters=\mathgroup12
) (D:\Miktex\tex/generic/intcalc\intcalc.sty
Package: intcalc 2019/12/15 v1.3 Expandable calculations with integers (HO)
)
\Hy@SavedSpaceFactor=\count304
 (D:\Miktex\tex/latex/hyperref\puenc.def
File: puenc.def 2024-07-10 v7.01j Hyperref: PDF Unicode definition (HO)
Now handling font encoding PU ...
... no UTF-8 mapping file for font encoding PU
\symPUletters=\mathgroup13
)
Package hyperref Info: Option `unicode' set `true' on input line 3143.
Package hyperref Info: Hyper figures OFF on input line 4157.
Package hyperref Info: Link nesting OFF on input line 4162.
Package hyperref Info: Hyper index ON on input line 4165.
Package hyperref Info: Plain pages OFF on input line 4172.
Package hyperref Info: Backreferencing OFF on input line 4177.
Package hyperref Info: Implicit mode ON; LaTeX internals redefined.
Package hyperref Info: Bookmarks ON on input line 4424.
\c@Hy@tempcnt=\count305
 (D:\Miktex\tex/latex/url\url.sty
\Urlmuskip=\muskip18
Package: url 2013/09/16  ver 3.4  Verb mode for urls, etc.
)
LaTeX Info: Redefining \url on input line 4763.
\XeTeXLinkMargin=\dimen199
 (D:\Miktex\tex/generic/bitset\bitset.sty
Package: bitset 2019/12/09 v1.3 Handle bit-vector datatype (HO)
 (D:\Miktex\tex/generic/bigintcalc\bigintcalc.sty
Package: bigintcalc 2019/12/15 v1.5 Expandable calculations on big integers (HO)
))
\Fld@menulength=\count306
\Field@Width=\dimen256
\Fld@charsize=\dimen257
Package hyperref Info: Hyper figures OFF on input line 6042.
Package hyperref Info: Link nesting OFF on input line 6047.
Package hyperref Info: Hyper index ON on input line 6050.
Package hyperref Info: backreferencing OFF on input line 6057.
Package hyperref Info: Link coloring OFF on input line 6062.
Package hyperref Info: Link coloring with OCG OFF on input line 6067.
Package hyperref Info: PDF/A mode OFF on input line 6072.
 (D:\Miktex\tex/latex/base\atbegshi-ltx.sty
Package: atbegshi-ltx 2021/01/10 v1.0c Emulation of the original atbegshi
package with kernel methods
)
\Hy@abspage=\count307
\c@Item=\count308
\c@Hfootnote=\count309
)
Package hyperref Info: Driver (autodetected): hpdftex.
 (D:\Miktex\tex/latex/hyperref\hpdftex.def
File: hpdftex.def 2024-07-10 v7.01j Hyperref driver for pdfTeX
 (D:\Miktex\tex/latex/base\atveryend-ltx.sty
Package: atveryend-ltx 2020/08/19 v1.0a Emulation of the original atveryend package
with kernel methods
)
\Fld@listcount=\count310
\c@bookmark@seq@number=\count311
 (D:\Miktex\tex/latex/rerunfilecheck\rerunfilecheck.sty
Package: rerunfilecheck 2025-06-21 v1.11 Rerun checks for auxiliary files (HO)
 (D:\Miktex\tex/generic/uniquecounter\uniquecounter.sty
Package: uniquecounter 2019/12/15 v1.4 Provide unlimited unique counter (HO)
)
Package uniquecounter Info: New unique counter `rerunfilecheck' on input line 284.
)
\Hy@SectionHShift=\skip65
) (D:\Miktex\tex/latex/xcolor\xcolor.sty
Package: xcolor 2023/11/15 v3.01 LaTeX color extensions (UK)
 (D:\Miktex\tex/latex/graphics-cfg\color.cfg
File: color.cfg 2016/01/02 v1.6 sample color configuration
)
Package xcolor Info: Driver file: pdftex.def on input line 274.
 (D:\Miktex\tex/latex/graphics\mathcolor.ltx)
Package xcolor Info: Model `cmy' substituted by `cmy0' on input line 1350.
Package xcolor Info: Model `hsb' substituted by `rgb' on input line 1354.
Package xcolor Info: Model `RGB' extended on input line 1366.
Package xcolor Info: Model `HTML' substituted by `rgb' on input line 1368.
Package xcolor Info: Model `Hsb' substituted by `hsb' on input line 1369.
Package xcolor Info: Model `tHsb' substituted by `hsb' on input line 1370.
Package xcolor Info: Model `HSB' substituted by `hsb' on input line 1371.
Package xcolor Info: Model `Gray' substituted by `gray' on input line 1372.
Package xcolor Info: Model `wave' substituted by `hsb' on input line 1373.
)
Package hyperref Info: Option `colorlinks' set `true' on input line 30.
 (Vacuum.aux

LaTeX Warning: Label `fig:vac' multiply defined.


LaTeX Warning: Label `fig:Holl2' multiply defined.


LaTeX Warning: Label `fig:Holl2' multiply defined.


LaTeX Warning: Label `fig:Holl2' multiply defined.


LaTeX Warning: Label `fig:Holl2' multiply defined.


LaTeX Warning: Label `fig:Holl2' multiply defined.


LaTeX Warning: Label `fig:Holl2' multiply defined.

)
\openout1 = `Vacuum.aux'.

LaTeX Font Info:    Checking defaults for OML/cmm/m/it on input line 60.
LaTeX Font Info:    ... okay on input line 60.
LaTeX Font Info:    Checking defaults for OMS/cmsy/m/n on input line 60.
LaTeX Font Info:    ... okay on input line 60.
LaTeX Font Info:    Checking defaults for OT1/cmr/m/n on input line 60.
LaTeX Font Info:    ... okay on input line 60.
LaTeX Font Info:    Checking defaults for T1/cmr/m/n on input line 60.
LaTeX Font Info:    ... okay on input line 60.
LaTeX Font Info:    Checking defaults for TS1/cmr/m/n on input line 60.
LaTeX Font Info:    ... okay on input line 60.
LaTeX Font Info:    Checking defaults for OMX/cmex/m/n on input line 60.
LaTeX Font Info:    ... okay on input line 60.
LaTeX Font Info:    Checking defaults for U/cmr/m/n on input line 60.
LaTeX Font Info:    ... okay on input line 60.
LaTeX Font Info:    Checking defaults for T2A/cmr/m/n on input line 60.
LaTeX Font Info:    ... okay on input line 60.
LaTeX Font Info:    Checking defaults for PD1/pdf/m/n on input line 60.
LaTeX Font Info:    ... okay on input line 60.
LaTeX Font Info:    Checking defaults for PU/pdf/m/n on input line 60.
LaTeX Font Info:    ... okay on input line 60.
LaTeX Info: Redefining \th on input line 60.

*geometry* driver: auto-detecting
*geometry* detected driver: pdftex
*geometry* verbose mode - [ preamble ] result:
* driver: pdftex
* paper: <default>
* layout: <same size as paper>
* layoutoffset:(h,v)=(0.0pt,0.0pt)
* modes: 
* h-part:(L,W,R)=(28.45274pt, 534.6273pt, 51.21495pt)
* v-part:(T,H,B)=(56.9055pt, 695.38536pt, 42.67912pt)
* \paperwidth=614.295pt
* \paperheight=794.96999pt
* \textwidth=534.6273pt
* \textheight=695.38536pt
* \oddsidemargin=-43.81725pt
* \evensidemargin=-43.81725pt
* \topmargin=-52.36449pt
* \headheight=12.0pt
* \headsep=25.0pt
* \topskip=12.0pt
* \footskip=28.45274pt
* \marginparwidth=44.0pt
* \marginparsep=10.0pt
* \columnsep=10.0pt
* \skip\footins=10.8pt plus 4.0pt minus 2.0pt
* \hoffset=0.0pt
* \voffset=0.0pt
* \mag=1000
* \@twocolumnfalse
* \@twosidefalse
* \@mparswitchfalse
* \@reversemarginfalse
* (1in=72.27pt=25.4mm, 1cm=28.453pt)

(D:\Miktex\tex/context/base/mkii\supp-pdf.mkii
[Loading MPS to PDF converter (version 2006.09.02).]
\scratchcounter=\count312
\scratchdimen=\dimen258
\scratchbox=\box59
\nofMPsegments=\count313
\nofMParguments=\count314
\everyMPshowfont=\toks34
\MPscratchCnt=\count315
\MPscratchDim=\dimen259
\MPnumerator=\count316
\makeMPintoPDFobject=\count317
\everyMPtoPDFconversion=\toks35
) (D:\Miktex\tex/latex/epstopdf-pkg\epstopdf-base.sty
Package: epstopdf-base 2020-01-24 v2.11 Base part for package epstopdf
Package epstopdf-base Info: Redefining graphics rule for `.eps' on input line 485.
 (D:\Miktex\tex/latex/00miktex\epstopdf-sys.cfg
File: epstopdf-sys.cfg 2021/03/18 v2.0 Configuration of epstopdf for MiKTeX
))
Package caption Info: Begin \AtBeginDocument code.
Package caption Info: hyperref package is loaded.
Package caption Info: End \AtBeginDocument code.
Package hyperref Info: Link coloring ON on input line 60.
 (Vacuum.out) (Vacuum.out)
\@outlinefile=\write3
\openout3 = `Vacuum.out'.



LaTeX Font Warning: Font shape `T2A/ptm/b/n' undefined
(Font)              using `T2A/ptm/m/n' instead on input line 92.

LaTeX Font Info:    Trying to load font information for OT1+ztmcm on input line 98.
(D:\Miktex\tex/latex/psnfss\ot1ztmcm.fd
File: ot1ztmcm.fd 2000/01/03 Fontinst v1.801 font definitions for OT1/ztmcm.
)<<ot1.cmap>>
LaTeX Font Info:    Trying to load font information for OML+ztmcm on input line 98.
 (D:\Miktex\tex/latex/psnfss\omlztmcm.fd
File: omlztmcm.fd 2000/01/03 Fontinst v1.801 font definitions for OML/ztmcm.
)<<oml.cmap>>
LaTeX Font Info:    Trying to load font information for OMS+ztmcm on input line 98.
 (D:\Miktex\tex/latex/psnfss\omsztmcm.fd
File: omsztmcm.fd 2000/01/03 Fontinst v1.801 font definitions for OMS/ztmcm.
)<<oms.cmap>>
LaTeX Font Info:    Trying to load font information for OMX+ztmcm on input line 98.
 (D:\Miktex\tex/latex/psnfss\omxztmcm.fd
File: omxztmcm.fd 2000/01/03 Fontinst v1.801 font definitions for OMX/ztmcm.
)<<omx.cmap>>
LaTeX Font Info:    Trying to load font information for OT1+ptm on input line 98.
 (D:\Miktex\tex/latex/psnfss\ot1ptm.fd
File: ot1ptm.fd 2001/06/04 font definitions for OT1/ptm.
)
LaTeX Font Info:    Font shape `OT1/ptm/bx/n' in size <14.4> not available
(Font)              Font shape `OT1/ptm/b/n' tried instead on input line 98.
LaTeX Font Info:    Font shape `OT1/ptm/bx/n' in size <10.95> not available
(Font)              Font shape `OT1/ptm/b/n' tried instead on input line 98.
LaTeX Font Info:    Font shape `OT1/ptm/bx/n' in size <8> not available
(Font)              Font shape `OT1/ptm/b/n' tried instead on input line 98.


LaTeX Font Warning: Font shape `T2A/ptm/m/up' undefined
(Font)              using `T2A/ptm/m/n' instead on input line 98.

LaTeX Font Info:    Trying to load font information for OML+ptm on input line 98.
(D:\Miktex\tex/latex/psnfss\omlptm.fd
File: omlptm.fd 
)

LaTeX Font Warning: Font shape `OML/ptm/m/up' undefined
(Font)              using `OML/ptm/m/it' instead on input line 98.

LaTeX Font Info:    Font shape `OML/ptm/m/it' in size <14.4> not available
(Font)              Font shape `OML/cmm/m/it' tried instead on input line 98.
LaTeX Font Info:    Font shape `OML/ptm/m/up' in size <10.95> not available
(Font)              Font shape `OML/cmm/m/it' tried instead on input line 98.
LaTeX Font Info:    Font shape `OML/ptm/m/up' in size <8> not available
(Font)              Font shape `OML/cmm/m/it' tried instead on input line 98.
LaTeX Font Info:    Trying to load font information for OMS+ptm on input line 98.
(D:\Miktex\tex/latex/psnfss\omsptm.fd
File: omsptm.fd 
)

LaTeX Font Warning: Font shape `OMS/ptm/m/up' undefined
(Font)              using `OMS/ptm/m/n' instead on input line 98.

LaTeX Font Info:    Font shape `OMS/ptm/m/n' in size <14.4> not available
(Font)              Font shape `OMS/cmsy/m/n' tried instead on input line 98.
LaTeX Font Info:    Font shape `OMS/ptm/m/up' in size <10.95> not available
(Font)              Font shape `OMS/cmsy/m/n' tried instead on input line 98.
LaTeX Font Info:    Font shape `OMS/ptm/m/up' in size <8> not available
(Font)              Font shape `OMS/cmsy/m/n' tried instead on input line 98.
LaTeX Font Info:    Trying to load font information for U+rsfs on input line 98.
(D:\Miktex\tex/latex/jknappen\ursfs.fd
File: ursfs.fd 1998/03/24 rsfs font definition file (jk)
)
LaTeX Font Info:    Trying to load font information for PD1+ptm on input line 98.
LaTeX Font Info:    No file PD1ptm.fd. on input line 98.


LaTeX Font Warning: Font shape `PD1/ptm/m/up' undefined
(Font)              using `PD1/pdf/m/n' instead on input line 98.

LaTeX Font Info:    Trying to load font information for PU+ptm on input line 98.
LaTeX Font Info:    No file PUptm.fd. on input line 98.

LaTeX Font Warning: Font shape `PU/ptm/m/up' undefined
(Font)              using `PU/pdf/m/n' instead on input line 98.

LaTeX Font Info:    Font shape `OT1/ptm/bx/n' in size <6> not available
(Font)              Font shape `OT1/ptm/b/n' tried instead on input line 100.
LaTeX Font Info:    Font shape `OML/ptm/m/up' in size <6> not available
(Font)              Font shape `OML/cmm/m/it' tried instead on input line 100.
LaTeX Font Info:    Font shape `OMS/ptm/m/up' in size <6> not available
(Font)              Font shape `OMS/cmsy/m/n' tried instead on input line 100.


[1

{C:/Users/vendo/AppData/Local/MiKTeX/fonts/map/pdftex/pdftex.map}]

[2]
Overfull \hbox (81.71228pt too wide) in paragraph at lines 141--142
[]\T2A/ptm/m/n/12 Ознакомиться с принципами работы вакуумной техники: пластинчато-роторного насоса, турбомолекулярного
 []

LaTeX Font Info:    Trying to load font information for TS1+ptm on input line 154.
(D:\Miktex\tex/latex/psnfss\ts1ptm.fd
File: ts1ptm.fd 2001/06/04 font definitions for TS1/ptm.
)
LaTeX Font Info:    Font shape `OT1/ptm/bx/n' in size <12> not available
(Font)              Font shape `OT1/ptm/b/n' tried instead on input line 154.
LaTeX Font Info:    Font shape `OT1/ptm/bx/n' in size <9> not available
(Font)              Font shape `OT1/ptm/b/n' tried instead on input line 154.
LaTeX Font Info:    Font shape `OT1/ptm/bx/n' in size <7> not available
(Font)              Font shape `OT1/ptm/b/n' tried instead on input line 154.
LaTeX Font Info:    Font shape `OML/ptm/m/up' in size <12> not available
(Font)              Font shape `OML/cmm/m/it' tried instead on input line 154.
LaTeX Font Info:    Font shape `OML/ptm/m/up' in size <9> not available
(Font)              Font shape `OML/cmm/m/it' tried instead on input line 154.
LaTeX Font Info:    Font shape `OML/ptm/m/up' in size <7> not available
(Font)              Font shape `OML/cmm/m/it' tried instead on input line 154.
LaTeX Font Info:    Font shape `OMS/ptm/m/up' in size <12> not available
(Font)              Font shape `OMS/cmsy/m/n' tried instead on input line 154.
LaTeX Font Info:    Font shape `OMS/ptm/m/up' in size <9> not available
(Font)              Font shape `OMS/cmsy/m/n' tried instead on input line 154.
LaTeX Font Info:    Font shape `OMS/ptm/m/up' in size <7> not available
(Font)              Font shape `OMS/cmsy/m/n' tried instead on input line 154.

Overfull \hbox (21.53407pt too wide) in paragraph at lines 170--171
[]\T2A/ptm/m/up/12 Для системы, состоящей из откачиваемого объема, трубопровода и насоса, справедливо соотношение: 
 []



[3{D:/Miktex/fonts/enc/dvips/base/8r.enc}]

[4]
<p1.PNG, id=115, 473.51906pt x 211.54031pt>
File: p1.PNG Graphic file (type png)
<use p1.PNG>
Package pdftex.def Info: p1.PNG  used on input line 271.
(pdftex.def)             Requested size: 534.6273pt x 238.8473pt.

Underfull \hbox (badness 10000) in paragraph at lines 276--277

 []


Underfull \hbox (badness 5374) in paragraph at lines 328--329
[]|\T2A/ptm/m/up/12 чаша Фарадея с УВЭ (умножителем
 []


Underfull \hbox (badness 10000) in paragraph at lines 333--333
[]|\T2A/ptm/m/up/12 Максимальное рабочее
 []


Underfull \hbox (badness 10000) in paragraph at lines 335--335
[]|\T2A/ptm/m/up/12 Чувствительность ионного
 []


Underfull \hbox (badness 10000) in paragraph at lines 337--337
[]|\T2A/ptm/m/up/12 Мин. определяемое
 []


Underfull \hbox (badness 10000) in paragraph at lines 338--338
[]|\T2A/ptm/m/up/12 (накопление в течение 300
 []


Underfull \hbox (badness 10000) in paragraph at lines 338--338
\T2A/ptm/m/up/12 мс, 3 среднеквадратических
 []


Underfull \hbox (badness 5050) in paragraph at lines 338--339
[]|$\OT1/ztmcm/m/n/12 5 \OMS/ztmcm/m/n/12 ^^B \OT1/ztmcm/m/n/12 10[]$ \T2A/ptm/m/up/12 торр ($\OT1/ztmcm/m/n/12 6\OML/ztmcm/m/it/12 ;\OT1/ztmcm/m/n/12 7 \OMS/ztmcm/m/n/12 ^^B \OT1/ztmcm/m/n/12 10[]$ \T2A/ptm/m/up/12 мбар) ^^V
 []



[5 <./p1.PNG>]

[6]
Overfull \hbox (47.44093pt too wide) in paragraph at lines 351--351
[]\T2A/ptm/m/up/12 После ознакомления с установкой был запущен форвакуумный насос, јмкостной (В1) и терморезисторный
 []


Overfull \hbox (3.72427pt too wide) in paragraph at lines 352--354
\T2A/ptm/m/up/12 насосом (рис. 2) и зависимость давления от величины газового потока (рис. 3) Получена зависимость
 []

<p2.png, id=130, 1010.3346pt x 426.393pt>
File: p2.png Graphic file (type png)
<use p2.png>
Package pdftex.def Info: p2.png  used on input line 426.
(pdftex.def)             Requested size: 534.6273pt x 225.62936pt.

LaTeX Warning: `h' float specifier changed to `ht'.

<p3.PNG, id=131, 740.7675pt x 378.66469pt>
File: p3.PNG Graphic file (type png)
<use p3.PNG>
Package pdftex.def Info: p3.PNG  used on input line 433.
(pdftex.def)             Requested size: 597.50787pt x 305.43979pt.

Overfull \hbox (62.88057pt too wide) in paragraph at lines 433--434
 [][] 
 []


LaTeX Warning: `!h' float specifier changed to `!ht'.

<p7.PNG, id=132, 617.30624pt x 344.78813pt>
File: p7.PNG Graphic file (type png)
<use p7.PNG>
Package pdftex.def Info: p7.PNG  used on input line 440.
(pdftex.def)             Requested size: 597.50787pt x 333.75488pt.

Overfull \hbox (62.88057pt too wide) in paragraph at lines 440--443
 [][] 
 []


LaTeX Warning: `!h' float specifier changed to `!ht'.



[7]
<p5.PNG, id=139, 737.00343pt x 376.40625pt>
File: p5.PNG Graphic file (type png)
<use p5.PNG>
Package pdftex.def Info: p5.PNG  used on input line 451.
(pdftex.def)             Requested size: 597.50787pt x 305.15733pt.

Overfull \hbox (62.88057pt too wide) in paragraph at lines 451--452
 [][] 
 []


LaTeX Warning: `!h' float specifier changed to `!ht'.



[8 <./p2.png> <./p3.PNG>]
Underfull \hbox (badness 10000) in paragraph at lines 474--478

 []


Overfull \hbox (42.06487pt too wide) in paragraph at lines 479--480
[]\T2A/ptm/m/up/12 Видно, что $\OML/ztmcm/m/it/12 d \OMS/ztmcm/m/n/12 ^^\ \OML/ztmcm/m/it/12 ^^U$\T2A/ptm/m/up/12 , поэтому течение газа через диафрагму можно считать молекулярным. Следовательно,
 []



[9 <./p7.PNG>]
<p4.PNG, id=154, 757.32938pt x 402.00188pt>
File: p4.PNG Graphic file (type png)
<use p4.PNG>
Package pdftex.def Info: p4.PNG  used on input line 495.
(pdftex.def)             Requested size: 597.50787pt x 317.167pt.

Overfull \hbox (62.88057pt too wide) in paragraph at lines 495--496
 [][] 
 []


LaTeX Warning: `!h' float specifier changed to `!ht'.



[10 <./p5.PNG>]
Overfull \hbox (21.29353pt too wide) in paragraph at lines 508--509
[]\T2A/ptm/m/up/12 Рассмотрим модель потока через турбомолекулярный насос. В установившемся режиме выполняется
 []



[11 <./p4.PNG>]
<p9.PNG, id=167, 767.86874pt x 402.75468pt>
File: p9.PNG Graphic file (type png)
<use p9.PNG>
Package pdftex.def Info: p9.PNG  used on input line 557.
(pdftex.def)             Requested size: 597.50787pt x 313.41606pt.

Overfull \hbox (62.88057pt too wide) in paragraph at lines 557--559
 [][] 
 []

<p6.PNG, id=168, 715.17188pt x 365.86688pt>
File: p6.PNG Graphic file (type png)
<use p6.PNG>
Package pdftex.def Info: p6.PNG  used on input line 565.
(pdftex.def)             Requested size: 597.50787pt x 305.69035pt.

Overfull \hbox (62.88057pt too wide) in paragraph at lines 565--566
 [][] 
 []


LaTeX Warning: `!h' float specifier changed to `!ht'.



[12 <./p9.PNG>]

[13 <./p6.PNG>]
Overfull \hbox (6.39333pt too wide) in paragraph at lines 605--606
[]\T2A/ptm/m/up/12 Изучены и успешно применены на практике основы функционирования вакуумного оборудования,
 []


Overfull \hbox (2.41232pt too wide) in paragraph at lines 605--606
\T2A/ptm/m/up/12 включая форвакуумный пластинчато-роторный, турбомолекулярный насосы и вакуумметры разных
 []


Overfull \hbox (9.82379pt too wide) in paragraph at lines 609--610
[]\T2A/ptm/m/up/12 Экспериментально подтверждена справедливость использования формулы молекулярного течения
 []


Overfull \hbox (0.94409pt too wide) in paragraph at lines 615--616
[]\T2A/ptm/m/up/12 Применјнные методики измерений в целом доказали свою эффективность, однако для некоторых
 []

<p10.png, id=188, 859.2903pt x 426.393pt>
File: p10.png Graphic file (type png)
<use p10.png>
Package pdftex.def Info: p10.png  used on input line 620.
(pdftex.def)             Requested size: 455.24408pt x 225.89612pt.


[14 <./p10.png>] (Vacuum.aux)
 ***********
LaTeX2e <2024-06-01> patch level 2
L3 programming layer <2024-08-30>
 ***********


LaTeX Font Warning: Some font shapes were not available, defaults substituted.


LaTeX Warning: There were multiply-defined labels.

Package rerunfilecheck Info: File `Vacuum.out' has not changed.
(rerunfilecheck)             Checksum: 6CD80B0AD37B826665664819798CD55F;3065.
 ) 
Here is how much of TeX's memory you used:
 16805 strings out of 473898
 256231 string characters out of 5742894
 681198 words of memory out of 5000000
 39248 multiletter control sequences out of 15000+600000
 602867 words of font info for 144 fonts, out of 8000000 for 9000
 1141 hyphenation exceptions out of 8191
 79i,15n,93p,576b,535s stack positions out of 10000i,1000n,20000p,200000b,200000s
 <C:\Users\vendo\AppData\Local\MiKTeX\fonts/pk/ljfour/lh/lh-t2a/dpi600\larm0900.pk> <C:\Users\vendo\AppData\Local\MiKTeX\fonts/pk/ljfour/lh/lh-t2a/dpi600\larm1200.pk> <C:\Users\vendo\AppData\Local\MiKTeX\fonts/pk/ljfour/lh/lh-t2a/dpi600\larm1095.pk> <C:\Users\vendo\AppData\Local\MiKTeX\fonts/pk/ljfour/lh/lh-t2a/dpi600\larm1728.pk> <C:\Users\vendo\AppData\Local\MiKTeX\fonts/pk/ljfour/lh/lh-t2a/dpi600\larm1440.pk><D:/Miktex/fonts/type1/public/amsfonts/cm/cmex10.pfb><D:/Miktex/fonts/type1/public/amsfonts/cm/cmmi10.pfb><D:/Miktex/fonts/type1/public/amsfonts/cm/cmr10.pfb><D:/Miktex/fonts/type1/public/amsfonts/cm/cmsy10.pfb><D:/Miktex/fonts/type1/urw/symbol/usyr.pfb><D:/Miktex/fonts/type1/urw/times/utmr8a.pfb><D:/Miktex/fonts/type1/urw/times/utmri8a.pfb>
Output written on Vacuum.pdf (14 pages, 499517 bytes).
PDF statistics:
 519 PDF objects out of 1000 (max. 8388607)
 71 named destinations out of 1000 (max. 500000)
 178 words of extra memory for PDF output out of 10000 (max. 10000000)

