This is pdfTeX, Version 3.141592653-2.6-1.40.28 (MiKTeX 25.12) (preloaded format=pdflatex 2026.1.31)  26 MAR 2026 20:45
entering extended mode
 restricted \write18 enabled.
 file:line:error style messages enabled.
 %&-line parsing enabled.
**"d:/Labs/Electronic labs/Sensor/Sensor.tex"
(d:/Labs/Electronic labs/Sensor/Sensor.tex
LaTeX2e <2025-11-01>
L3 programming layer <2026-01-19>
(D:\Miktex\tex/latex/base\article.cls
Document Class: article 2025/01/22 v1.4n Standard LaTeX document class
(D:\Miktex\tex/latex/base\size12.clo
File: size12.clo 2025/01/22 v1.4n Standard LaTeX file (size option)
)
\c@part=\count275
\c@section=\count276
\c@subsection=\count277
\c@subsubsection=\count278
\c@paragraph=\count279
\c@subparagraph=\count280
\c@figure=\count281
\c@table=\count282
\abovecaptionskip=\skip49
\belowcaptionskip=\skip50
\bibindent=\dimen148
) (D:\Miktex\tex/latex/base\inputenc.sty
Package: inputenc 2024/02/08 v1.3d Input encoding file
\inpenc@prehook=\toks17
\inpenc@posthook=\toks18
) (D:\Miktex\tex/generic/babel\babel.sty
Package: babel 2026/01/26 v26.2 The multilingual framework for LuaLaTeX, pdfLaTeX and XeLaTeX
\babel@savecnt=\count283
LaTeX Encoding Info:    Redeclaring text command \ij (encoding OT1) on input line 2078.
LaTeX Encoding Info:    Redeclaring text command \IJ (encoding OT1) on input line 2080.
LaTeX Encoding Info:    Redeclaring text command \ij (encoding T1) on input line 2082.
LaTeX Encoding Info:    Redeclaring text command \IJ (encoding T1) on input line 2083.
LaTeX Encoding Info:    Ignoring declaration for text command \ij (encoding ?) on input line 2084.
LaTeX Encoding Info:    Ignoring declaration for text command \IJ (encoding ?) on input line 2086.
LaTeX Encoding Info:    Ignoring declaration for text command \SS (encoding ?) on input line 2111.
\U@D=\dimen149
\l@unhyphenated=\language79
 (D:\Miktex\tex/generic/babel\txtbabel.def)
\bbl@readstream=\read2
\bbl@dirlevel=\count284
Package babel Info: Configuration files are deprecated, as
(babel)             they can break document portability.
(babel)             Reported on input line 4206.

*************************************
* Local config file bblopts.cfg used
*
(D:\Miktex\tex/latex/arabi\bblopts.cfg
File: bblopts.cfg 2005/09/08 v0.1 add Arabic and Farsi to "declared" options of babel
) (D:\Miktex\tex/generic/babel/locale/ru\babel-russian.tex) (D:\Miktex\tex/generic/babel/locale/en\babel-english.tex)
Package babel Info: Importing font and identification data for russian
(babel)             from babel-ru.ini. Reported on input line 4330.
 (D:\Miktex\tex/latex/babel-russian\russianb.ldf
File: russianb.ldf 2021/01/10 1.3m Russian support for the Babel system
Language: russian 2020/09/09 1.3k Russian support for the Babel system


Package babel Warning: No Cyrillic font encoding has been loaded so far.
(babel)                A font encoding should be declared before babel.
(babel)                Default `T2A' encoding will be loaded  on input line 78.

(D:\Miktex\tex/latex/cyrillic\t2aenc.def
File: t2aenc.def 2023/11/07 v1.0k Cyrillic encoding definition file
Now handling font encoding T2A ...
... processing UTF-8 mapping file for font encoding T2A
 (D:\Miktex\tex/latex/base\t2aenc.dfu
File: t2aenc.dfu 2022/06/07 v1.3c UTF-8 support
   defining Unicode char U+00A4 (decimal 164)
   defining Unicode char U+00A7 (decimal 167)
   defining Unicode char U+00AB (decimal 171)
   defining Unicode char U+00BB (decimal 187)
   defining Unicode char U+0131 (decimal 305)
   defining Unicode char U+0237 (decimal 567)
   defining Unicode char U+0400 (decimal 1024)
   defining Unicode char U+0401 (decimal 1025)
   defining Unicode char U+0402 (decimal 1026)
   defining Unicode char U+0403 (decimal 1027)
   defining Unicode char U+0404 (decimal 1028)
   defining Unicode char U+0405 (decimal 1029)
   defining Unicode char U+0406 (decimal 1030)
   defining Unicode char U+0407 (decimal 1031)
   defining Unicode char U+0408 (decimal 1032)
   defining Unicode char U+0409 (decimal 1033)
   defining Unicode char U+040A (decimal 1034)
   defining Unicode char U+040B (decimal 1035)
   defining Unicode char U+040C (decimal 1036)
   defining Unicode char U+040D (decimal 1037)
   defining Unicode char U+040E (decimal 1038)
   defining Unicode char U+040F (decimal 1039)
   defining Unicode char U+0410 (decimal 1040)
   defining Unicode char U+0411 (decimal 1041)
   defining Unicode char U+0412 (decimal 1042)
   defining Unicode char U+0413 (decimal 1043)
   defining Unicode char U+0414 (decimal 1044)
   defining Unicode char U+0415 (decimal 1045)
   defining Unicode char U+0416 (decimal 1046)
   defining Unicode char U+0417 (decimal 1047)
   defining Unicode char U+0418 (decimal 1048)
   defining Unicode char U+0419 (decimal 1049)
   defining Unicode char U+041A (decimal 1050)
   defining Unicode char U+041B (decimal 1051)
   defining Unicode char U+041C (decimal 1052)
   defining Unicode char U+041D (decimal 1053)
   defining Unicode char U+041E (decimal 1054)
   defining Unicode char U+041F (decimal 1055)
   defining Unicode char U+0420 (decimal 1056)
   defining Unicode char U+0421 (decimal 1057)
   defining Unicode char U+0422 (decimal 1058)
   defining Unicode char U+0423 (decimal 1059)
   defining Unicode char U+0424 (decimal 1060)
   defining Unicode char U+0425 (decimal 1061)
   defining Unicode char U+0426 (decimal 1062)
   defining Unicode char U+0427 (decimal 1063)
   defining Unicode char U+0428 (decimal 1064)
   defining Unicode char U+0429 (decimal 1065)
   defining Unicode char U+042A (decimal 1066)
   defining Unicode char U+042B (decimal 1067)
   defining Unicode char U+042C (decimal 1068)
   defining Unicode char U+042D (decimal 1069)
   defining Unicode char U+042E (decimal 1070)
   defining Unicode char U+042F (decimal 1071)
   defining Unicode char U+0430 (decimal 1072)
   defining Unicode char U+0431 (decimal 1073)
   defining Unicode char U+0432 (decimal 1074)
   defining Unicode char U+0433 (decimal 1075)
   defining Unicode char U+0434 (decimal 1076)
   defining Unicode char U+0435 (decimal 1077)
   defining Unicode char U+0436 (decimal 1078)
   defining Unicode char U+0437 (decimal 1079)
   defining Unicode char U+0438 (decimal 1080)
   defining Unicode char U+0439 (decimal 1081)
   defining Unicode char U+043A (decimal 1082)
   defining Unicode char U+043B (decimal 1083)
   defining Unicode char U+043C (decimal 1084)
   defining Unicode char U+043D (decimal 1085)
   defining Unicode char U+043E (decimal 1086)
   defining Unicode char U+043F (decimal 1087)
   defining Unicode char U+0440 (decimal 1088)
   defining Unicode char U+0441 (decimal 1089)
   defining Unicode char U+0442 (decimal 1090)
   defining Unicode char U+0443 (decimal 1091)
   defining Unicode char U+0444 (decimal 1092)
   defining Unicode char U+0445 (decimal 1093)
   defining Unicode char U+0446 (decimal 1094)
   defining Unicode char U+0447 (decimal 1095)
   defining Unicode char U+0448 (decimal 1096)
   defining Unicode char U+0449 (decimal 1097)
   defining Unicode char U+044A (decimal 1098)
   defining Unicode char U+044B (decimal 1099)
   defining Unicode char U+044C (decimal 1100)
   defining Unicode char U+044D (decimal 1101)
   defining Unicode char U+044E (decimal 1102)
   defining Unicode char U+044F (decimal 1103)
   defining Unicode char U+0450 (decimal 1104)
   defining Unicode char U+0451 (decimal 1105)
   defining Unicode char U+0452 (decimal 1106)
   defining Unicode char U+0453 (decimal 1107)
   defining Unicode char U+0454 (decimal 1108)
   defining Unicode char U+0455 (decimal 1109)
   defining Unicode char U+0456 (decimal 1110)
   defining Unicode char U+0457 (decimal 1111)
   defining Unicode char U+0458 (decimal 1112)
   defining Unicode char U+0459 (decimal 1113)
   defining Unicode char U+045A (decimal 1114)
   defining Unicode char U+045B (decimal 1115)
   defining Unicode char U+045C (decimal 1116)
   defining Unicode char U+045D (decimal 1117)
   defining Unicode char U+045E (decimal 1118)
   defining Unicode char U+045F (decimal 1119)
   defining Unicode char U+0490 (decimal 1168)
   defining Unicode char U+0491 (decimal 1169)
   defining Unicode char U+0492 (decimal 1170)
   defining Unicode char U+0493 (decimal 1171)
   defining Unicode char U+0496 (decimal 1174)
   defining Unicode char U+0497 (decimal 1175)
   defining Unicode char U+0498 (decimal 1176)
   defining Unicode char U+0499 (decimal 1177)
   defining Unicode char U+049A (decimal 1178)
   defining Unicode char U+049B (decimal 1179)
   defining Unicode char U+049C (decimal 1180)
   defining Unicode char U+049D (decimal 1181)
   defining Unicode char U+04A0 (decimal 1184)
   defining Unicode char U+04A1 (decimal 1185)
   defining Unicode char U+04A2 (decimal 1186)
   defining Unicode char U+04A3 (decimal 1187)
   defining Unicode char U+04A4 (decimal 1188)
   defining Unicode char U+04A5 (decimal 1189)
   defining Unicode char U+04AA (decimal 1194)
   defining Unicode char U+04AB (decimal 1195)
   defining Unicode char U+04AE (decimal 1198)
   defining Unicode char U+04AF (decimal 1199)
   defining Unicode char U+04B0 (decimal 1200)
   defining Unicode char U+04B1 (decimal 1201)
   defining Unicode char U+04B2 (decimal 1202)
   defining Unicode char U+04B3 (decimal 1203)
   defining Unicode char U+04B6 (decimal 1206)
   defining Unicode char U+04B7 (decimal 1207)
   defining Unicode char U+04B8 (decimal 1208)
   defining Unicode char U+04B9 (decimal 1209)
   defining Unicode char U+04BA (decimal 1210)
   defining Unicode char U+04BB (decimal 1211)
   defining Unicode char U+04C0 (decimal 1216)
   defining Unicode char U+04C1 (decimal 1217)
   defining Unicode char U+04C2 (decimal 1218)
   defining Unicode char U+04D0 (decimal 1232)
   defining Unicode char U+04D1 (decimal 1233)
   defining Unicode char U+04D2 (decimal 1234)
   defining Unicode char U+04D3 (decimal 1235)
   defining Unicode char U+04D4 (decimal 1236)
   defining Unicode char U+04D5 (decimal 1237)
   defining Unicode char U+04D6 (decimal 1238)
   defining Unicode char U+04D7 (decimal 1239)
   defining Unicode char U+04D8 (decimal 1240)
   defining Unicode char U+04D9 (decimal 1241)
   defining Unicode char U+04DA (decimal 1242)
   defining Unicode char U+04DB (decimal 1243)
   defining Unicode char U+04DC (decimal 1244)
   defining Unicode char U+04DD (decimal 1245)
   defining Unicode char U+04DE (decimal 1246)
   defining Unicode char U+04DF (decimal 1247)
   defining Unicode char U+04E2 (decimal 1250)
   defining Unicode char U+04E3 (decimal 1251)
   defining Unicode char U+04E4 (decimal 1252)
   defining Unicode char U+04E5 (decimal 1253)
   defining Unicode char U+04E6 (decimal 1254)
   defining Unicode char U+04E7 (decimal 1255)
   defining Unicode char U+04E8 (decimal 1256)
   defining Unicode char U+04E9 (decimal 1257)
   defining Unicode char U+04EC (decimal 1260)
   defining Unicode char U+04ED (decimal 1261)
   defining Unicode char U+04EE (decimal 1262)
   defining Unicode char U+04EF (decimal 1263)
   defining Unicode char U+04F0 (decimal 1264)
   defining Unicode char U+04F1 (decimal 1265)
   defining Unicode char U+04F2 (decimal 1266)
   defining Unicode char U+04F3 (decimal 1267)
   defining Unicode char U+04F4 (decimal 1268)
   defining Unicode char U+04F5 (decimal 1269)
   defining Unicode char U+04F8 (decimal 1272)
   defining Unicode char U+04F9 (decimal 1273)
   defining Unicode char U+200C (decimal 8204)
   defining Unicode char U+2013 (decimal 8211)
   defining Unicode char U+2014 (decimal 8212)
   defining Unicode char U+2018 (decimal 8216)
   defining Unicode char U+2019 (decimal 8217)
   defining Unicode char U+201C (decimal 8220)
   defining Unicode char U+201D (decimal 8221)
   defining Unicode char U+201E (decimal 8222)
   defining Unicode char U+2030 (decimal 8240)
   defining Unicode char U+2031 (decimal 8241)
   defining Unicode char U+2116 (decimal 8470)
   defining Unicode char U+2329 (decimal 9001)
   defining Unicode char U+3008 (decimal 12296)
   defining Unicode char U+232A (decimal 9002)
   defining Unicode char U+3009 (decimal 12297)
   defining Unicode char U+2423 (decimal 9251)
   defining Unicode char U+27E8 (decimal 10216)
   defining Unicode char U+27E9 (decimal 10217)
   defining Unicode char U+FB00 (decimal 64256)
   defining Unicode char U+FB01 (decimal 64257)
   defining Unicode char U+FB02 (decimal 64258)
   defining Unicode char U+FB03 (decimal 64259)
   defining Unicode char U+FB04 (decimal 64260)
   defining Unicode char U+FB05 (decimal 64261)
   defining Unicode char U+FB06 (decimal 64262)
))
Package babel Info: Making " an active character on input line 124.
Package babel Info: Default for \cyrdash is provided on input line 163.
)
Package babel Info: Importing font and identification data for english
(babel)             from babel-en.ini. Reported on input line 4330.
 (D:\Miktex\tex/latex/babel-english\english.ldf
Language: english 2017/06/06 v3.3r English support from the babel system
Package babel Info: Hyphen rules for 'canadian' set to \l@english
(babel)             (\language0). Reported on input line 102.
Package babel Info: Hyphen rules for 'australian' set to \l@ukenglish
(babel)             (\language73). Reported on input line 105.
Package babel Info: Hyphen rules for 'newzealand' set to \l@ukenglish
(babel)             (\language73). Reported on input line 108.
)) (D:\Miktex\tex/latex/base\fontenc.sty
Package: fontenc 2025/07/18 v2.1d Standard LaTeX package
LaTeX Font Info:    Trying to load font information for T2A+cmr on input line 116.
 (D:\Miktex\tex/latex/cyrillic\t2acmr.fd
File: t2acmr.fd 2001/08/11 v1.0a Computer Modern Cyrillic font definitions
)) (D:\Miktex\tex/latex/geometry\geometry.sty
Package: geometry 2020/01/02 v5.9 Page Geometry
 (D:\Miktex\tex/latex/graphics\keyval.sty
Package: keyval 2022/05/29 v1.15 key=value parser (DPC)
\KV@toks@=\toks19
) (D:\Miktex\tex/generic/iftex\ifvtex.sty
Package: ifvtex 2019/10/25 v1.7 ifvtex legacy package. Use iftex instead.
 (D:\Miktex\tex/generic/iftex\iftex.sty
Package: iftex 2024/12/12 v1.0g TeX engine tests
))
\Gm@cnth=\count285
\Gm@cntv=\count286
\c@Gm@tempcnt=\count287
\Gm@bindingoffset=\dimen150
\Gm@wd@mp=\dimen151
\Gm@odd@mp=\dimen152
\Gm@even@mp=\dimen153
\Gm@layoutwidth=\dimen154
\Gm@layoutheight=\dimen155
\Gm@layouthoffset=\dimen156
\Gm@layoutvoffset=\dimen157
\Gm@dimlist=\toks20
 (D:\Miktex\tex/latex/geometry\geometry.cfg)) (D:\Miktex\tex/latex/tools\indentfirst.sty
Package: indentfirst 2023/07/02 v1.03 Indent first paragraph (DPC)
) (D:\Miktex\tex/latex/amsmath\amsmath.sty
Package: amsmath 2025/07/09 v2.17z AMS math features
\@mathmargin=\skip51

For additional information on amsmath, use the `?' option.
(D:\Miktex\tex/latex/amsmath\amstext.sty
Package: amstext 2024/11/17 v2.01 AMS text
 (D:\Miktex\tex/latex/amsmath\amsgen.sty
File: amsgen.sty 1999/11/30 v2.0 generic functions
\@emptytoks=\toks21
\ex@=\dimen158
)) (D:\Miktex\tex/latex/amsmath\amsbsy.sty
Package: amsbsy 1999/11/29 v1.2d Bold Symbols
\pmbraise@=\dimen159
) (D:\Miktex\tex/latex/amsmath\amsopn.sty
Package: amsopn 2022/04/08 v2.04 operator names
)
\inf@bad=\count288
LaTeX Info: Redefining \frac on input line 233.
\uproot@=\count289
\leftroot@=\count290
LaTeX Info: Redefining \overline on input line 398.
LaTeX Info: Redefining \colon on input line 409.
\classnum@=\count291
\DOTSCASE@=\count292
LaTeX Info: Redefining \ldots on input line 495.
LaTeX Info: Redefining \dots on input line 498.
LaTeX Info: Redefining \cdots on input line 619.
\Mathstrutbox@=\box53
\strutbox@=\box54
LaTeX Info: Redefining \big on input line 721.
LaTeX Info: Redefining \Big on input line 722.
LaTeX Info: Redefining \bigg on input line 723.
LaTeX Info: Redefining \Bigg on input line 724.
\big@size=\dimen160
LaTeX Font Info:    Redeclaring font encoding OML on input line 742.
LaTeX Font Info:    Redeclaring font encoding OMS on input line 743.
\macc@depth=\count293
LaTeX Info: Redefining \bmod on input line 904.
LaTeX Info: Redefining \pmod on input line 909.
LaTeX Info: Redefining \smash on input line 939.
LaTeX Info: Redefining \relbar on input line 969.
LaTeX Info: Redefining \Relbar on input line 970.
\c@MaxMatrixCols=\count294
\dotsspace@=\muskip17
\c@parentequation=\count295
\dspbrk@lvl=\count296
\tag@help=\toks22
\row@=\count297
\column@=\count298
\maxfields@=\count299
\andhelp@=\toks23
\eqnshift@=\dimen161
\alignsep@=\dimen162
\tagshift@=\dimen163
\tagwidth@=\dimen164
\totwidth@=\dimen165
\lineht@=\dimen166
\@envbody=\toks24
\multlinegap=\skip52
\multlinetaggap=\skip53
\mathdisplay@stack=\toks25
LaTeX Info: Redefining \[ on input line 2950.
LaTeX Info: Redefining \] on input line 2951.
) (D:\Miktex\tex/latex/amsfonts\amssymb.sty
Package: amssymb 2013/01/14 v3.01 AMS font symbols
 (D:\Miktex\tex/latex/amsfonts\amsfonts.sty
Package: amsfonts 2013/01/14 v3.01 Basic AMSFonts support
\symAMSa=\mathgroup4
\symAMSb=\mathgroup5
LaTeX Font Info:    Redeclaring math symbol \hbar on input line 98.
LaTeX Font Info:    Overwriting math alphabet `\mathfrak' in version `bold'
(Font)                  U/euf/m/n --> U/euf/b/n on input line 106.
)) (D:\Miktex\tex/latex/physics\physics.sty
Package: physics 
 (D:\Miktex\tex/latex/l3packages/xparse\xparse.sty (D:\Miktex\tex/latex/l3kernel\expl3.sty
Package: expl3 2026-01-19 L3 programming layer (loader) 
 (D:\Miktex\tex/latex/l3backend\l3backend-pdftex.def
File: l3backend-pdftex.def 2025-10-09 L3 backend support: PDF output (pdfTeX)
\l__color_backend_stack_int=\count300
))
Package: xparse 2025-10-09 L3 Experimental document command parser
)) (D:\Miktex\tex/latex/graphics\graphicx.sty
Package: graphicx 2024/12/31 v1.2e Enhanced LaTeX Graphics (DPC,SPQR)
 (D:\Miktex\tex/latex/graphics\graphics.sty
Package: graphics 2024/08/06 v1.4g Standard LaTeX Graphics (DPC,SPQR)
 (D:\Miktex\tex/latex/graphics\trig.sty
Package: trig 2023/12/02 v1.11 sin cos tan (DPC)
) (D:\Miktex\tex/latex/graphics-cfg\graphics.cfg
File: graphics.cfg 2016/06/04 v1.11 sample graphics configuration
)
Package graphics Info: Driver file: pdftex.def on input line 106.
 (D:\Miktex\tex/latex/graphics-def\pdftex.def
File: pdftex.def 2025/09/29 v1.2d Graphics/color driver for pdftex
))
\Gin@req@height=\dimen167
\Gin@req@width=\dimen168
) (D:\Miktex\tex/latex/wrapfig\wrapfig.sty
\wrapoverhang=\dimen169
\WF@size=\dimen170
\c@WF@wrappedlines=\count301
\WF@box=\box55
\WF@everypar=\toks26
Package: wrapfig 2003/01/31  v 3.6
) (D:\Miktex\tex/latex/float\float.sty
Package: float 2001/11/08 v1.3d Float enhancements (AL)
\c@float@type=\count302
\float@exts=\toks27
\float@box=\box56
\@float@everytoks=\toks28
\@floatcapt=\box57
) (D:\Miktex\tex/latex/caption\subcaption.sty
Package: subcaption 2023/07/28 v1.6b Sub-captions (AR)
 (D:\Miktex\tex/latex/caption\caption.sty
Package: caption 2023/08/05 v3.6o Customizing captions (AR)
 (D:\Miktex\tex/latex/caption\caption3.sty
Package: caption3 2023/07/31 v2.4d caption3 kernel (AR)
\caption@tempdima=\dimen171
\captionmargin=\dimen172
\caption@leftmargin=\dimen173
\caption@rightmargin=\dimen174
\caption@width=\dimen175
\caption@indent=\dimen176
\caption@parindent=\dimen177
\caption@hangindent=\dimen178
Package caption Info: Standard document class detected.
)
\c@caption@flags=\count303
\c@continuedfloat=\count304
Package caption Info: float package is loaded.
Package caption Info: wrapfig package is loaded.
)
Package caption Info: New subtype `subfigure' on input line 238.
\c@subfigure=\count305
Package caption Info: New subtype `subtable' on input line 238.
\c@subtable=\count306
) (D:\Miktex\tex/latex/enumitem\enumitem.sty
Package: enumitem 2025/02/06 v3.11 Customized lists
\labelindent=\skip54
\enit@outerparindent=\dimen179
\enit@toks=\toks29
\enit@inbox=\box58
\enit@count@id=\count307
\enitdp@description=\count308
) (D:\Miktex\tex/latex/tools\array.sty
Package: array 2025/09/25 v2.6n Tabular extension package (FMi)
\col@sep=\dimen180
\ar@mcellbox=\box59
\extrarowheight=\dimen181
\NC@list=\toks30
\extratabsurround=\skip55
\backup@length=\skip56
\ar@cellbox=\box60
) (D:\Miktex\tex/latex/ragged2e\ragged2e.sty
Package: ragged2e 2023/06/22 v3.6 ragged2e Package
\CenteringLeftskip=\skip57
\RaggedLeftLeftskip=\skip58
\RaggedRightLeftskip=\skip59
\CenteringRightskip=\skip60
\RaggedLeftRightskip=\skip61
\RaggedRightRightskip=\skip62
\CenteringParfillskip=\skip63
\RaggedLeftParfillskip=\skip64
\RaggedRightParfillskip=\skip65
\JustifyingParfillskip=\skip66
\CenteringParindent=\skip67
\RaggedLeftParindent=\skip68
\RaggedRightParindent=\skip69
\JustifyingParindent=\skip70
) (Sensor.aux

LaTeX Warning: Label `pic_3' multiply defined.


LaTeX Warning: Label `pic_3' multiply defined.


LaTeX Warning: Label `pic_3' multiply defined.


LaTeX Warning: Label `pic_3' multiply defined.


LaTeX Warning: Label `pic_3' multiply defined.


LaTeX Warning: Label `pic_3' multiply defined.

)
\openout1 = `Sensor.aux'.

LaTeX Font Info:    Checking defaults for OML/cmm/m/it on input line 25.
LaTeX Font Info:    ... okay on input line 25.
LaTeX Font Info:    Checking defaults for OMS/cmsy/m/n on input line 25.
LaTeX Font Info:    ... okay on input line 25.
LaTeX Font Info:    Checking defaults for OT1/cmr/m/n on input line 25.
LaTeX Font Info:    ... okay on input line 25.
LaTeX Font Info:    Checking defaults for T1/cmr/m/n on input line 25.
LaTeX Font Info:    ... okay on input line 25.
LaTeX Font Info:    Checking defaults for TS1/cmr/m/n on input line 25.
LaTeX Font Info:    ... okay on input line 25.
LaTeX Font Info:    Checking defaults for OMX/cmex/m/n on input line 25.
LaTeX Font Info:    ... okay on input line 25.
LaTeX Font Info:    Checking defaults for U/cmr/m/n on input line 25.
LaTeX Font Info:    ... okay on input line 25.
LaTeX Font Info:    Checking defaults for T2A/cmr/m/n on input line 25.
LaTeX Font Info:    ... okay on input line 25.
LaTeX Info: Redefining \th on input line 25.

*geometry* driver: auto-detecting
*geometry* detected driver: pdftex
*geometry* verbose mode - [ preamble ] result:
* driver: pdftex
* paper: a4paper
* layout: <same size as paper>
* layoutoffset:(h,v)=(0.0pt,0.0pt)
* modes: 
* h-part:(L,W,R)=(28.45274pt, 517.84018pt, 51.21495pt)
* v-part:(T,H,B)=(56.9055pt, 745.46222pt, 42.67912pt)
* \paperwidth=597.50787pt
* \paperheight=845.04684pt
* \textwidth=517.84018pt
* \textheight=745.46222pt
* \oddsidemargin=-43.81725pt
* \evensidemargin=-43.81725pt
* \topmargin=-52.36449pt
* \headheight=12.0pt
* \headsep=25.0pt
* \topskip=12.0pt
* \footskip=28.45274pt
* \marginparwidth=35.0pt
* \marginparsep=10.0pt
* \columnsep=10.0pt
* \skip\footins=10.8pt plus 4.0pt minus 2.0pt
* \hoffset=0.0pt
* \voffset=0.0pt
* \mag=1000
* \@twocolumnfalse
* \@twosidefalse
* \@mparswitchfalse
* \@reversemarginfalse
* (1in=72.27pt=25.4mm, 1cm=28.453pt)

(D:\Miktex\tex/context/base/mkii\supp-pdf.mkii
[Loading MPS to PDF converter (version 2006.09.02).]
\scratchcounter=\count309
\scratchdimen=\dimen182
\scratchbox=\box61
\nofMPsegments=\count310
\nofMParguments=\count311
\everyMPshowfont=\toks31
\MPscratchCnt=\count312
\MPscratchDim=\dimen183
\MPnumerator=\count313
\makeMPintoPDFobject=\count314
\everyMPtoPDFconversion=\toks32
) (D:\Miktex\tex/latex/epstopdf-pkg\epstopdf-base.sty
Package: epstopdf-base 2020-01-24 v2.11 Base part for package epstopdf
Package epstopdf-base Info: Redefining graphics rule for `.eps' on input line 485.
 (D:\Miktex\tex/latex/00miktex\epstopdf-sys.cfg
File: epstopdf-sys.cfg 2021/03/18 v2.0 Configuration of epstopdf for MiKTeX
))
Package caption Info: Begin \AtBeginDocument code.
Package caption Info: End \AtBeginDocument code.
 (Sensor.toc)
\tf@toc=\write3
\openout3 = `Sensor.toc'.

 [1

{C:/Users/vendo/AppData/Local/MiKTeX/fonts/map/pdftex/pdftex.map}]
Overfull \hbox (1.14038pt too wide) in paragraph at lines 33--35
\T2A/cmr/m/n/12 čäĺ˙ ďîäîáíîăî óńňđîéńňâŕ ďîçŕčěńňâîâŕíŕ čç âŕęóóěíîé ýëĺęňđîíčęč. Â ńŕěîě äĺëĺ, óâĺëč÷ĺíčĺ
 []


Overfull \hbox (19.75508pt too wide) in paragraph at lines 36--38
[]\T2A/cmr/m/n/12 Â ňî âđĺě˙ ęŕę ńîçäŕňü ďîäîáíűé ďđĺîáđŕçîâŕňĺëü ěĺőŕíč÷ĺńęîăî âîçäĺéńňâč˙ íŕ áŕçĺ âŕęóóěíîăî
 []

LaTeX Font Info:    Trying to load font information for U+msa on input line 39.
(D:\Miktex\tex/latex/amsfonts\umsa.fd
File: umsa.fd 2013/01/14 v3.01 AMS symbols A
)
LaTeX Font Info:    Trying to load font information for U+msb on input line 39.
 (D:\Miktex\tex/latex/amsfonts\umsb.fd
File: umsb.fd 2013/01/14 v3.01 AMS symbols B
)
Overfull \hbox (1.90726pt too wide) in paragraph at lines 39--40
[]\T2A/cmr/m/n/12 Ĺńëč íŕ ýëĺęňđîäű ďîäŕíŕ đŕçíîńňü ďîňĺíöčŕëîâ, ňî ěĺćäó ŕíîäîě č ęŕňîäîě óńňŕíŕâëčâŕĺňń˙
 []


Overfull \hbox (4.67894pt too wide) in paragraph at lines 39--40
\T2A/cmr/m/n/12 ńňŕöčîíŕđíîĺ đŕńďđĺäĺëĺíčĺ ęîíöĺíňđŕöčč ŕęňčâíűő íîńčňĺëĺé çŕđ˙äŕ, âĺäóůĺĺ ę âîçíčęíîâĺíčţ
 []


Overfull \hbox (0.43674pt too wide) in paragraph at lines 39--40
\T2A/cmr/m/n/12 âŕęóóěíîě ňđčîäĺ, îńóůĺńňâë˙ĺňń˙ óńčëĺíčĺ ńčăíŕëŕ ďî ěîůíîńňč çŕ ń÷ĺň čńďîëüçîâŕíč˙ ýíĺđăčč
 []


Overfull \hbox (4.66109pt too wide) in paragraph at lines 39--40
\T2A/cmr/m/n/12 ňîę ďđč ýňîě äîńňčăŕĺň $\OT1/cmr/m/n/12 1 []$\T2A/cmr/m/n/12 , ÷ňî ńóůĺńňâĺííî ďđĺâűřŕĺň ÷óâńňâčňĺëüíîńňü ýëĺęňđîäčíŕěč÷ĺńęčő
 []


Overfull \hbox (2.16629pt too wide) in paragraph at lines 39--40
\T2A/cmr/m/n/12 ńčńňĺě, řčđîęî đŕńďđîńňđŕíĺííűő â ńĺéńěîëîăčč â íŕńňî˙ůĺĺ âđĺě˙, č äĺëŕĺň ýëĺęňđîőčěč÷ĺńęčĺ
 []

<p1.png, id=8, 694.84593pt x 451.6875pt>
File: p1.png Graphic file (type png)
<use p1.png>
Package pdftex.def Info: p1.png  used on input line 43.
(pdftex.def)             Requested size: 466.053pt x 302.95987pt.
[2 <./p1.png>]
Overfull \hbox (9.88673pt too wide) in paragraph at lines 63--64
\T2A/cmr/m/n/12 Â ĚÝĎ ěîăóň áűňü čńďîëüçîâŕíű đŕçëč÷íűĺ îęčńëčňĺëüíî-âîńńňŕíîâčňĺëüíűĺ đĺŕęöčč, íŕďđčěĺđ:
 []


Overfull \hbox (24.97618pt too wide) in paragraph at lines 65--66
[]\T2A/cmr/m/n/12 Â íŕńňî˙ůĺĺ âđĺě˙ íŕčáîëĺĺ řčđîęîĺ ďđčěĺíĺíčĺ ďîëó÷čëč éîä-éîäčäíűĺ ńčńňĺěű ń ďëŕňčíîâűěč
 []


Overfull \hbox (6.75215pt too wide) in paragraph at lines 80--81
\T2A/cmr/m/n/12 ěĺőŕíčçěîě čő äâčćĺíč˙ â đŕńňâîđŕő ýëĺęňđîëčňîâ. Ďĺđĺíîń çŕđ˙äŕ â ćčäęîńňč ěîćíî đŕçäĺëčňü
 []


Overfull \hbox (8.20293pt too wide) in paragraph at lines 80--81
\T2A/cmr/m/n/12 íŕ ňđč íĺçŕâčńčěűő ěĺőŕíčçěŕ: ěčăđŕöč˙, äčôôóçč˙ č ęîíâĺęöč˙, ęŕćäűé čç íčő â îďđĺäĺëĺííűő
 []


Overfull \hbox (27.68636pt too wide) in paragraph at lines 95--96
[]\T2A/cmr/m/n/12 Óđŕâíĺíč˙, îďđĺäĺë˙ţůčĺ ńęîđîńňč ýëĺęňđîőčěč÷ĺńęčő đĺŕęöčé â çŕâčńčěîńňč îň ęîíöĺíňđŕöčč
 []

[3]
Overfull \hbox (29.46875pt too wide) in paragraph at lines 104--105
\T2A/cmr/m/n/12 íŕëč÷čĺ â ĚÝß ýëĺęňđč÷ĺńęîăî ďîë˙ č îáúĺěíîăî çŕđ˙äŕ, ęîňîđűĺ ěîăóň âëč˙ňü íŕ ăčäđîäčíŕěč÷ĺńęîĺ
 []


Overfull \hbox (43.02011pt too wide) in paragraph at lines 106--107
[]\T2A/cmr/m/n/12 Íčćĺ áóäóň đŕńńěîňđĺíű đĺřĺíč˙ óđŕâíĺíč˙ (1) -- (3) â íĺęîňîđűő ÷ŕńňíűő ńëó÷ŕ˙ő, ďđĺäńňŕâë˙ţůčő
 []

<p2.png, id=24, 655.69969pt x 330.48468pt>
File: p2.png Graphic file (type png)
<use p2.png>
Package pdftex.def Info: p2.png  used on input line 133.
(pdftex.def)             Requested size: 362.48654pt x 182.70004pt.
[4 <./p2.png>]

LaTeX Warning: Command \cyrs invalid in math mode on input line 147.


LaTeX Warning: Command \cyrm invalid in math mode on input line 147.

Missing character: There is no ń in font cmr12!
Missing character: There is no ě in font cmr12!

LaTeX Warning: Command \cyrs invalid in math mode on input line 147.


LaTeX Warning: Command \cyrm invalid in math mode on input line 147.


LaTeX Warning: Command \cyrs invalid in math mode on input line 147.

Missing character: There is no ń in font cmr12!
Missing character: There is no ě in font cmr12!
Missing character: There is no ń in font cmr12!

LaTeX Warning: Command \cyrs invalid in math mode on input line 147.


LaTeX Warning: Command \cyrm invalid in math mode on input line 147.


LaTeX Warning: Command \cyrs invalid in math mode on input line 147.

Missing character: There is no ń in font cmr12!
Missing character: There is no ě in font cmr12!
Missing character: There is no ń in font cmr12!

Overfull \hbox (33.54832pt too wide) in paragraph at lines 149--150
[]\T2A/cmr/m/n/12 Â îńíîâĺ đŕáîňű ĚÝß ëĺćčň ęîíâĺęňčâíŕ˙ äčôôóçč˙, âűçâŕííŕ˙ äĺéńňâčĺě âíĺříčő ěĺőŕíč÷ĺńęčő
 []


Overfull \hbox (25.56267pt too wide) in paragraph at lines 151--152
[]\T2A/cmr/m/n/12 ÍŕéäĽě čçěĺíĺíčĺ ňîęŕ ÷ĺđĺç ěîëĺęóë˙đíî-ýëĺęňđîííűé ďđĺîáđŕçîâŕňĺëü, âűçâŕííîĺ ďđîňĺęŕíčĺě
 []

[5]
<p3.png, id=36, 691.08188pt x 363.60844pt>
File: p3.png Graphic file (type png)
<use p3.png>
Package pdftex.def Info: p3.png  used on input line 202.
(pdftex.def)             Requested size: 414.27371pt x 217.97255pt.

Overfull \hbox (51.2431pt too wide) in paragraph at lines 210--212
[]\T2A/cmr/bx/n/12 Öĺëü đŕáîňű\T2A/cmr/m/n/12 : Čńńëĺäîâŕíčĺ ďđîöĺńńîâ ďđîňĺęŕíč˙ ňîęŕ â ěîëĺęóë˙đíî -ýëĺęňđîííîě ďđĺîáđŕçîâŕňĺëĺ
 []


Overfull \hbox (9.7767pt too wide) in paragraph at lines 213--216
\T2A/cmr/m/n/12 čńďîëüçóĺňń˙ ďđîăđŕěěŕ calib óďđŕâëĺíč˙ ěíîăîôóíęöčîíŕëüíűě ěîäó ëĺě ÖŔĎ/ŔÖĎ. Îáđŕáîňęŕ
 []

[6 <./p3.png>]
<p4.png, id=41, 688.07062pt x 490.83376pt>
File: p4.png Graphic file (type png)
<use p4.png>
Package pdftex.def Info: p4.png  used on input line 226.
(pdftex.def)             Requested size: 414.27371pt x 295.52109pt.

Overfull \hbox (3.85275pt too wide) in paragraph at lines 236--243
 [][] 
 []

[7 <./p4.png>]
<f1.png, id=48, 867.24pt x 505.89pt>
File: f1.png Graphic file (type png)
<use f1.png>
Package pdftex.def Info: f1.png  used on input line 252.
(pdftex.def)             Requested size: 569.62735pt x 332.29825pt.

Overfull \hbox (51.78717pt too wide) in paragraph at lines 252--253
 [][] 
 []


LaTeX Warning: Command \cyrm invalid in math mode on input line 271.


LaTeX Warning: Command \cyrk invalid in math mode on input line 271.


LaTeX Warning: Command \CYRA invalid in math mode on input line 271.


LaTeX Warning: Command \CYRA invalid in math mode on input line 271.

Missing character: There is no ě in font cmr12!
Missing character: There is no ę in font cmr12!
Missing character: There is no Ŕ in font cmr12!
Missing character: There is no Ŕ in font cmr12!

LaTeX Warning: Command \cyrm invalid in math mode on input line 272.


LaTeX Warning: Command \cyrk invalid in math mode on input line 272.


LaTeX Warning: Command \cyrm invalid in math mode on input line 272.


LaTeX Warning: Command \cyrm invalid in math mode on input line 272.

Missing character: There is no ě in font cmr12!
Missing character: There is no ę in font cmr12!
Missing character: There is no ě in font cmr12!
Missing character: There is no ě in font cmr12!

LaTeX Warning: Command \CYRK invalid in math mode on input line 273.


LaTeX Warning: Command \cyrl invalid in math mode on input line 273.

Missing character: There is no Ę in font cmr12!
Missing character: There is no ë in font cmr12!

LaTeX Warning: Command \cyrs invalid in math mode on input line 274.


LaTeX Warning: Command \cyrm invalid in math mode on input line 274.


LaTeX Warning: Command \cyrs invalid in math mode on input line 274.


LaTeX Warning: Command \cyrm invalid in math mode on input line 274.


LaTeX Warning: Command \cyrs invalid in math mode on input line 274.

Missing character: There is no ń in font cmr12!
Missing character: There is no ě in font cmr12!
Missing character: There is no ń in font cmr12!
Missing character: There is no ě in font cmr12!
Missing character: There is no ń in font cmr12!

LaTeX Warning: Command \cyrm invalid in math mode on input line 275.

Missing character: There is no ě in font cmr12!
[8 <./f1.png>]
Underfull \hbox (badness 10000) in paragraph at lines 290--290
[]|\T2A/cmr/m/n/12 Đŕçěŕő âőîäíîăî
 []


Underfull \hbox (badness 10000) in paragraph at lines 291--291
[]|\T2A/cmr/m/n/12 Đŕçěŕő âűőîäíîăî
 []


Underfull \hbox (badness 10000) in paragraph at lines 292--292
[]|\T2A/cmr/m/n/12 Îňíîřĺíčĺ
 []

<f2.png, id=54, 722.7pt x 433.62pt>
File: f2.png Graphic file (type png)
<use f2.png>
Package pdftex.def Info: f2.png  used on input line 300.
(pdftex.def)             Requested size: 569.62735pt x 341.7753pt.

Overfull \hbox (51.78717pt too wide) in paragraph at lines 300--301
 [][] 
 []

[9 <./f2.png>]
<f3.png, id=59, 722.7pt x 433.62pt>
File: f3.png Graphic file (type png)
<use f3.png>
Package pdftex.def Info: f3.png  used on input line 309.
(pdftex.def)             Requested size: 569.62735pt x 341.7753pt.

Overfull \hbox (51.78717pt too wide) in paragraph at lines 309--310
 [][] 
 []


Overfull \hbox (37.53813pt too wide) in paragraph at lines 315--316
[]\T2A/cmr/m/n/12 Čńńëĺäîâŕëč ďđîöĺńńű ďđîňĺęŕíč˙ ňîęŕ â ěîëĺęóë˙đíî ýëĺęňđîííîě ďđĺîáđŕçîâŕňĺëĺâ ńňŕöčîíŕđíűő
 []

[10 <./f3.png>] (Sensor.aux)
 ***********
LaTeX2e <2025-11-01>
L3 programming layer <2026-01-19>
 ***********


LaTeX Warning: There were multiply-defined labels.

 ) 
Here is how much of TeX's memory you used:
 7783 strings out of 467866
 119733 string characters out of 5435154
 547543 words of memory out of 5000000
 36558 multiletter control sequences out of 15000+600000
 639303 words of font info for 69 fonts, out of 8000000 for 9000
 1141 hyphenation exceptions out of 8191
 73i,12n,77p,2009b,356s stack positions out of 10000i,1000n,20000p,200000b,200000s
 <C:\Users\vendo\AppData\Local\MiKTeX\fonts/pk/ljfour/jknappen/ec/dpi600\tcrm1200.pk> <C:\Users\vendo\AppData\Local\MiKTeX\fonts/pk/ljfour/lh/lh-t2a/dpi600\labx0800.pk> <C:\Users\vendo\AppData\Local\MiKTeX\fonts/pk/ljfour/lh/lh-t2a/dpi600\larm0800.pk> <C:\Users\vendo\AppData\Local\MiKTeX\fonts/pk/ljfour/lh/lh-t2a/dpi600\larm1200.pk> <C:\Users\vendo\AppData\Local\MiKTeX\fonts/pk/ljfour/lh/lh-t2a/dpi600\labx1200.pk> <C:\Users\vendo\AppData\Local\MiKTeX\fonts/pk/ljfour/lh/lh-t2a/dpi600\labx1728.pk><D:/Miktex/fonts/type1/public/amsfonts/cm/cmbx12.pfb><D:/Miktex/fonts/type1/public/amsfonts/cm/cmex10.pfb><D:/Miktex/fonts/type1/public/amsfonts/cm/cmmi12.pfb><D:/Miktex/fonts/type1/public/amsfonts/cm/cmmi6.pfb><D:/Miktex/fonts/type1/public/amsfonts/cm/cmmi8.pfb><D:/Miktex/fonts/type1/public/amsfonts/cm/cmr12.pfb><D:/Miktex/fonts/type1/public/amsfonts/cm/cmr6.pfb><D:/Miktex/fonts/type1/public/amsfonts/cm/cmr8.pfb><D:/Miktex/fonts/type1/public/amsfonts/cm/cmsy10.pfb><D:/Miktex/fonts/type1/public/amsfonts/cm/cmsy8.pfb>
Output written on Sensor.pdf (10 pages, 416946 bytes).
PDF statistics:
 306 PDF objects out of 1000 (max. 8388607)
 0 named destinations out of 1000 (max. 500000)
 36 words of extra memory for PDF output out of 10000 (max. 10000000)

