This is pdfTeX, Version 3.141592653-2.6-1.40.28 (MiKTeX 25.12) (preloaded format=pdflatex 2026.1.31)  9 APR 2026 20:28
entering extended mode
 restricted \write18 enabled.
 file:line:error style messages enabled.
 %&-line parsing enabled.
**"d:/Labs/Electronic labs/Diod Shottki/Diod Shottki.tex"
(d:/Labs/Electronic labs/Diod Shottki/Diod Shottki.tex
LaTeX2e <2025-11-01>
L3 programming layer <2026-01-19>
(D:\Miktex\tex/latex/base\article.cls
Document Class: article 2025/01/22 v1.4n Standard LaTeX document class
(D:\Miktex\tex/latex/base\size12.clo
File: size12.clo 2025/01/22 v1.4n Standard LaTeX file (size option)
)
\c@part=\count275
\c@section=\count276
\c@subsection=\count277
\c@subsubsection=\count278
\c@paragraph=\count279
\c@subparagraph=\count280
\c@figure=\count281
\c@table=\count282
\abovecaptionskip=\skip49
\belowcaptionskip=\skip50
\bibindent=\dimen148
) (D:\Miktex\tex/latex/geometry\geometry.sty
Package: geometry 2020/01/02 v5.9 Page Geometry
 (D:\Miktex\tex/latex/graphics\keyval.sty
Package: keyval 2022/05/29 v1.15 key=value parser (DPC)
\KV@toks@=\toks17
) (D:\Miktex\tex/generic/iftex\ifvtex.sty
Package: ifvtex 2019/10/25 v1.7 ifvtex legacy package. Use iftex instead.
 (D:\Miktex\tex/generic/iftex\iftex.sty
Package: iftex 2024/12/12 v1.0g TeX engine tests
))
\Gm@cnth=\count283
\Gm@cntv=\count284
\c@Gm@tempcnt=\count285
\Gm@bindingoffset=\dimen149
\Gm@wd@mp=\dimen150
\Gm@odd@mp=\dimen151
\Gm@even@mp=\dimen152
\Gm@layoutwidth=\dimen153
\Gm@layoutheight=\dimen154
\Gm@layouthoffset=\dimen155
\Gm@layoutvoffset=\dimen156
\Gm@dimlist=\toks18
 (D:\Miktex\tex/latex/geometry\geometry.cfg)) (D:\Miktex\tex/latex/setspace\setspace.sty
Package: setspace 2022/12/04 v6.7b set line spacing
) (D:\Miktex\tex/latex/base\fontenc.sty
Package: fontenc 2025/07/18 v2.1d Standard LaTeX package
 (D:\Miktex\tex/latex/cyrillic\t2aenc.def
File: t2aenc.def 2023/11/07 v1.0k Cyrillic encoding definition file
Now handling font encoding T2A ...
... processing UTF-8 mapping file for font encoding T2A
 (D:\Miktex\tex/latex/base\t2aenc.dfu
File: t2aenc.dfu 2022/06/07 v1.3c UTF-8 support
   defining Unicode char U+00A4 (decimal 164)
   defining Unicode char U+00A7 (decimal 167)
   defining Unicode char U+00AB (decimal 171)
   defining Unicode char U+00BB (decimal 187)
   defining Unicode char U+0131 (decimal 305)
   defining Unicode char U+0237 (decimal 567)
   defining Unicode char U+0400 (decimal 1024)
   defining Unicode char U+0401 (decimal 1025)
   defining Unicode char U+0402 (decimal 1026)
   defining Unicode char U+0403 (decimal 1027)
   defining Unicode char U+0404 (decimal 1028)
   defining Unicode char U+0405 (decimal 1029)
   defining Unicode char U+0406 (decimal 1030)
   defining Unicode char U+0407 (decimal 1031)
   defining Unicode char U+0408 (decimal 1032)
   defining Unicode char U+0409 (decimal 1033)
   defining Unicode char U+040A (decimal 1034)
   defining Unicode char U+040B (decimal 1035)
   defining Unicode char U+040C (decimal 1036)
   defining Unicode char U+040D (decimal 1037)
   defining Unicode char U+040E (decimal 1038)
   defining Unicode char U+040F (decimal 1039)
   defining Unicode char U+0410 (decimal 1040)
   defining Unicode char U+0411 (decimal 1041)
   defining Unicode char U+0412 (decimal 1042)
   defining Unicode char U+0413 (decimal 1043)
   defining Unicode char U+0414 (decimal 1044)
   defining Unicode char U+0415 (decimal 1045)
   defining Unicode char U+0416 (decimal 1046)
   defining Unicode char U+0417 (decimal 1047)
   defining Unicode char U+0418 (decimal 1048)
   defining Unicode char U+0419 (decimal 1049)
   defining Unicode char U+041A (decimal 1050)
   defining Unicode char U+041B (decimal 1051)
   defining Unicode char U+041C (decimal 1052)
   defining Unicode char U+041D (decimal 1053)
   defining Unicode char U+041E (decimal 1054)
   defining Unicode char U+041F (decimal 1055)
   defining Unicode char U+0420 (decimal 1056)
   defining Unicode char U+0421 (decimal 1057)
   defining Unicode char U+0422 (decimal 1058)
   defining Unicode char U+0423 (decimal 1059)
   defining Unicode char U+0424 (decimal 1060)
   defining Unicode char U+0425 (decimal 1061)
   defining Unicode char U+0426 (decimal 1062)
   defining Unicode char U+0427 (decimal 1063)
   defining Unicode char U+0428 (decimal 1064)
   defining Unicode char U+0429 (decimal 1065)
   defining Unicode char U+042A (decimal 1066)
   defining Unicode char U+042B (decimal 1067)
   defining Unicode char U+042C (decimal 1068)
   defining Unicode char U+042D (decimal 1069)
   defining Unicode char U+042E (decimal 1070)
   defining Unicode char U+042F (decimal 1071)
   defining Unicode char U+0430 (decimal 1072)
   defining Unicode char U+0431 (decimal 1073)
   defining Unicode char U+0432 (decimal 1074)
   defining Unicode char U+0433 (decimal 1075)
   defining Unicode char U+0434 (decimal 1076)
   defining Unicode char U+0435 (decimal 1077)
   defining Unicode char U+0436 (decimal 1078)
   defining Unicode char U+0437 (decimal 1079)
   defining Unicode char U+0438 (decimal 1080)
   defining Unicode char U+0439 (decimal 1081)
   defining Unicode char U+043A (decimal 1082)
   defining Unicode char U+043B (decimal 1083)
   defining Unicode char U+043C (decimal 1084)
   defining Unicode char U+043D (decimal 1085)
   defining Unicode char U+043E (decimal 1086)
   defining Unicode char U+043F (decimal 1087)
   defining Unicode char U+0440 (decimal 1088)
   defining Unicode char U+0441 (decimal 1089)
   defining Unicode char U+0442 (decimal 1090)
   defining Unicode char U+0443 (decimal 1091)
   defining Unicode char U+0444 (decimal 1092)
   defining Unicode char U+0445 (decimal 1093)
   defining Unicode char U+0446 (decimal 1094)
   defining Unicode char U+0447 (decimal 1095)
   defining Unicode char U+0448 (decimal 1096)
   defining Unicode char U+0449 (decimal 1097)
   defining Unicode char U+044A (decimal 1098)
   defining Unicode char U+044B (decimal 1099)
   defining Unicode char U+044C (decimal 1100)
   defining Unicode char U+044D (decimal 1101)
   defining Unicode char U+044E (decimal 1102)
   defining Unicode char U+044F (decimal 1103)
   defining Unicode char U+0450 (decimal 1104)
   defining Unicode char U+0451 (decimal 1105)
   defining Unicode char U+0452 (decimal 1106)
   defining Unicode char U+0453 (decimal 1107)
   defining Unicode char U+0454 (decimal 1108)
   defining Unicode char U+0455 (decimal 1109)
   defining Unicode char U+0456 (decimal 1110)
   defining Unicode char U+0457 (decimal 1111)
   defining Unicode char U+0458 (decimal 1112)
   defining Unicode char U+0459 (decimal 1113)
   defining Unicode char U+045A (decimal 1114)
   defining Unicode char U+045B (decimal 1115)
   defining Unicode char U+045C (decimal 1116)
   defining Unicode char U+045D (decimal 1117)
   defining Unicode char U+045E (decimal 1118)
   defining Unicode char U+045F (decimal 1119)
   defining Unicode char U+0490 (decimal 1168)
   defining Unicode char U+0491 (decimal 1169)
   defining Unicode char U+0492 (decimal 1170)
   defining Unicode char U+0493 (decimal 1171)
   defining Unicode char U+0496 (decimal 1174)
   defining Unicode char U+0497 (decimal 1175)
   defining Unicode char U+0498 (decimal 1176)
   defining Unicode char U+0499 (decimal 1177)
   defining Unicode char U+049A (decimal 1178)
   defining Unicode char U+049B (decimal 1179)
   defining Unicode char U+049C (decimal 1180)
   defining Unicode char U+049D (decimal 1181)
   defining Unicode char U+04A0 (decimal 1184)
   defining Unicode char U+04A1 (decimal 1185)
   defining Unicode char U+04A2 (decimal 1186)
   defining Unicode char U+04A3 (decimal 1187)
   defining Unicode char U+04A4 (decimal 1188)
   defining Unicode char U+04A5 (decimal 1189)
   defining Unicode char U+04AA (decimal 1194)
   defining Unicode char U+04AB (decimal 1195)
   defining Unicode char U+04AE (decimal 1198)
   defining Unicode char U+04AF (decimal 1199)
   defining Unicode char U+04B0 (decimal 1200)
   defining Unicode char U+04B1 (decimal 1201)
   defining Unicode char U+04B2 (decimal 1202)
   defining Unicode char U+04B3 (decimal 1203)
   defining Unicode char U+04B6 (decimal 1206)
   defining Unicode char U+04B7 (decimal 1207)
   defining Unicode char U+04B8 (decimal 1208)
   defining Unicode char U+04B9 (decimal 1209)
   defining Unicode char U+04BA (decimal 1210)
   defining Unicode char U+04BB (decimal 1211)
   defining Unicode char U+04C0 (decimal 1216)
   defining Unicode char U+04C1 (decimal 1217)
   defining Unicode char U+04C2 (decimal 1218)
   defining Unicode char U+04D0 (decimal 1232)
   defining Unicode char U+04D1 (decimal 1233)
   defining Unicode char U+04D2 (decimal 1234)
   defining Unicode char U+04D3 (decimal 1235)
   defining Unicode char U+04D4 (decimal 1236)
   defining Unicode char U+04D5 (decimal 1237)
   defining Unicode char U+04D6 (decimal 1238)
   defining Unicode char U+04D7 (decimal 1239)
   defining Unicode char U+04D8 (decimal 1240)
   defining Unicode char U+04D9 (decimal 1241)
   defining Unicode char U+04DA (decimal 1242)
   defining Unicode char U+04DB (decimal 1243)
   defining Unicode char U+04DC (decimal 1244)
   defining Unicode char U+04DD (decimal 1245)
   defining Unicode char U+04DE (decimal 1246)
   defining Unicode char U+04DF (decimal 1247)
   defining Unicode char U+04E2 (decimal 1250)
   defining Unicode char U+04E3 (decimal 1251)
   defining Unicode char U+04E4 (decimal 1252)
   defining Unicode char U+04E5 (decimal 1253)
   defining Unicode char U+04E6 (decimal 1254)
   defining Unicode char U+04E7 (decimal 1255)
   defining Unicode char U+04E8 (decimal 1256)
   defining Unicode char U+04E9 (decimal 1257)
   defining Unicode char U+04EC (decimal 1260)
   defining Unicode char U+04ED (decimal 1261)
   defining Unicode char U+04EE (decimal 1262)
   defining Unicode char U+04EF (decimal 1263)
   defining Unicode char U+04F0 (decimal 1264)
   defining Unicode char U+04F1 (decimal 1265)
   defining Unicode char U+04F2 (decimal 1266)
   defining Unicode char U+04F3 (decimal 1267)
   defining Unicode char U+04F4 (decimal 1268)
   defining Unicode char U+04F5 (decimal 1269)
   defining Unicode char U+04F8 (decimal 1272)
   defining Unicode char U+04F9 (decimal 1273)
   defining Unicode char U+200C (decimal 8204)
   defining Unicode char U+2013 (decimal 8211)
   defining Unicode char U+2014 (decimal 8212)
   defining Unicode char U+2018 (decimal 8216)
   defining Unicode char U+2019 (decimal 8217)
   defining Unicode char U+201C (decimal 8220)
   defining Unicode char U+201D (decimal 8221)
   defining Unicode char U+201E (decimal 8222)
   defining Unicode char U+2030 (decimal 8240)
   defining Unicode char U+2031 (decimal 8241)
   defining Unicode char U+2116 (decimal 8470)
   defining Unicode char U+2329 (decimal 9001)
   defining Unicode char U+3008 (decimal 12296)
   defining Unicode char U+232A (decimal 9002)
   defining Unicode char U+3009 (decimal 12297)
   defining Unicode char U+2423 (decimal 9251)
   defining Unicode char U+27E8 (decimal 10216)
   defining Unicode char U+27E9 (decimal 10217)
   defining Unicode char U+FB00 (decimal 64256)
   defining Unicode char U+FB01 (decimal 64257)
   defining Unicode char U+FB02 (decimal 64258)
   defining Unicode char U+FB03 (decimal 64259)
   defining Unicode char U+FB04 (decimal 64260)
   defining Unicode char U+FB05 (decimal 64261)
   defining Unicode char U+FB06 (decimal 64262)
))
LaTeX Font Info:    Trying to load font information for T2A+cmr on input line 116.
 (D:\Miktex\tex/latex/cyrillic\t2acmr.fd
File: t2acmr.fd 2001/08/11 v1.0a Computer Modern Cyrillic font definitions
)) (D:\Miktex\tex/latex/base\inputenc.sty
Package: inputenc 2024/02/08 v1.3d Input encoding file
\inpenc@prehook=\toks19
\inpenc@posthook=\toks20
) (D:\Miktex\tex/generic/babel\babel.sty
Package: babel 2026/01/26 v26.2 The multilingual framework for LuaLaTeX, pdfLaTeX and XeLaTeX
\babel@savecnt=\count286
LaTeX Encoding Info:    Redeclaring text command \ij (encoding OT1) on input line 2078.
LaTeX Encoding Info:    Redeclaring text command \IJ (encoding OT1) on input line 2080.
LaTeX Encoding Info:    Redeclaring text command \ij (encoding T1) on input line 2082.
LaTeX Encoding Info:    Redeclaring text command \IJ (encoding T1) on input line 2083.
LaTeX Encoding Info:    Ignoring declaration for text command \ij (encoding ?) on input line 2084.
LaTeX Encoding Info:    Ignoring declaration for text command \IJ (encoding ?) on input line 2086.
LaTeX Encoding Info:    Ignoring declaration for text command \SS (encoding ?) on input line 2111.
\U@D=\dimen157
\l@unhyphenated=\language79
 (D:\Miktex\tex/generic/babel\txtbabel.def)
\bbl@readstream=\read2
\bbl@dirlevel=\count287
Package babel Info: Configuration files are deprecated, as
(babel)             they can break document portability.
(babel)             Reported on input line 4206.

*************************************
* Local config file bblopts.cfg used
*
(D:\Miktex\tex/latex/arabi\bblopts.cfg
File: bblopts.cfg 2005/09/08 v0.1 add Arabic and Farsi to "declared" options of babel
) (D:\Miktex\tex/generic/babel/locale/ru\babel-russian.tex) (D:\Miktex\tex/generic/babel/locale/en\babel-english.tex)
Package babel Info: Importing font and identification data for russian
(babel)             from babel-ru.ini. Reported on input line 4330.
 (D:\Miktex\tex/latex/babel-russian\russianb.ldf
File: russianb.ldf 2021/01/10 1.3m Russian support for the Babel system
Language: russian 2020/09/09 1.3k Russian support for the Babel system
Package babel Info: Making " an active character on input line 124.
Package babel Info: Default for \cyrdash is provided on input line 163.
)
Package babel Info: Importing font and identification data for english
(babel)             from babel-en.ini. Reported on input line 4330.
 (D:\Miktex\tex/latex/babel-english\english.ldf
Language: english 2017/06/06 v3.3r English support from the babel system
Package babel Info: Hyphen rules for 'canadian' set to \l@english
(babel)             (\language0). Reported on input line 102.
Package babel Info: Hyphen rules for 'australian' set to \l@ukenglish
(babel)             (\language73). Reported on input line 105.
Package babel Info: Hyphen rules for 'newzealand' set to \l@ukenglish
(babel)             (\language73). Reported on input line 108.
)) (D:\Miktex\tex/latex/caption\caption.sty
Package: caption 2023/08/05 v3.6o Customizing captions (AR)
 (D:\Miktex\tex/latex/caption\caption3.sty
Package: caption3 2023/07/31 v2.4d caption3 kernel (AR)
\caption@tempdima=\dimen158
\captionmargin=\dimen159
\caption@leftmargin=\dimen160
\caption@rightmargin=\dimen161
\caption@width=\dimen162
\caption@indent=\dimen163
\caption@parindent=\dimen164
\caption@hangindent=\dimen165
Package caption Info: Standard document class detected.
)
\c@caption@flags=\count288
\c@continuedfloat=\count289
) (D:\Miktex\tex/latex/caption\subcaption.sty
Package: subcaption 2023/07/28 v1.6b Sub-captions (AR)
Package caption Info: New subtype `subfigure' on input line 238.
\c@subfigure=\count290
Package caption Info: New subtype `subtable' on input line 238.
\c@subtable=\count291
) (D:\Miktex\tex/latex/graphics\graphicx.sty
Package: graphicx 2024/12/31 v1.2e Enhanced LaTeX Graphics (DPC,SPQR)
 (D:\Miktex\tex/latex/graphics\graphics.sty
Package: graphics 2024/08/06 v1.4g Standard LaTeX Graphics (DPC,SPQR)
 (D:\Miktex\tex/latex/graphics\trig.sty
Package: trig 2023/12/02 v1.11 sin cos tan (DPC)
) (D:\Miktex\tex/latex/graphics-cfg\graphics.cfg
File: graphics.cfg 2016/06/04 v1.11 sample graphics configuration
)
Package graphics Info: Driver file: pdftex.def on input line 106.
 (D:\Miktex\tex/latex/graphics-def\pdftex.def
File: pdftex.def 2025/09/29 v1.2d Graphics/color driver for pdftex
))
\Gin@req@height=\dimen166
\Gin@req@width=\dimen167
) (D:\Miktex\tex/latex/amsmath\amsmath.sty
Package: amsmath 2025/07/09 v2.17z AMS math features
\@mathmargin=\skip51

For additional information on amsmath, use the `?' option.
(D:\Miktex\tex/latex/amsmath\amstext.sty
Package: amstext 2024/11/17 v2.01 AMS text
 (D:\Miktex\tex/latex/amsmath\amsgen.sty
File: amsgen.sty 1999/11/30 v2.0 generic functions
\@emptytoks=\toks21
\ex@=\dimen168
)) (D:\Miktex\tex/latex/amsmath\amsbsy.sty
Package: amsbsy 1999/11/29 v1.2d Bold Symbols
\pmbraise@=\dimen169
) (D:\Miktex\tex/latex/amsmath\amsopn.sty
Package: amsopn 2022/04/08 v2.04 operator names
)
\inf@bad=\count292
LaTeX Info: Redefining \frac on input line 233.
\uproot@=\count293
\leftroot@=\count294
LaTeX Info: Redefining \overline on input line 398.
LaTeX Info: Redefining \colon on input line 409.
\classnum@=\count295
\DOTSCASE@=\count296
LaTeX Info: Redefining \ldots on input line 495.
LaTeX Info: Redefining \dots on input line 498.
LaTeX Info: Redefining \cdots on input line 619.
\Mathstrutbox@=\box53
\strutbox@=\box54
LaTeX Info: Redefining \big on input line 721.
LaTeX Info: Redefining \Big on input line 722.
LaTeX Info: Redefining \bigg on input line 723.
LaTeX Info: Redefining \Bigg on input line 724.
\big@size=\dimen170
LaTeX Font Info:    Redeclaring font encoding OML on input line 742.
LaTeX Font Info:    Redeclaring font encoding OMS on input line 743.
\macc@depth=\count297
LaTeX Info: Redefining \bmod on input line 904.
LaTeX Info: Redefining \pmod on input line 909.
LaTeX Info: Redefining \smash on input line 939.
LaTeX Info: Redefining \relbar on input line 969.
LaTeX Info: Redefining \Relbar on input line 970.
\c@MaxMatrixCols=\count298
\dotsspace@=\muskip17
\c@parentequation=\count299
\dspbrk@lvl=\count300
\tag@help=\toks22
\row@=\count301
\column@=\count302
\maxfields@=\count303
\andhelp@=\toks23
\eqnshift@=\dimen171
\alignsep@=\dimen172
\tagshift@=\dimen173
\tagwidth@=\dimen174
\totwidth@=\dimen175
\lineht@=\dimen176
\@envbody=\toks24
\multlinegap=\skip52
\multlinetaggap=\skip53
\mathdisplay@stack=\toks25
LaTeX Info: Redefining \[ on input line 2950.
LaTeX Info: Redefining \] on input line 2951.
) (D:\Miktex\tex/latex/float\float.sty
Package: float 2001/11/08 v1.3d Float enhancements (AL)
\c@float@type=\count304
\float@exts=\toks26
\float@box=\box55
\@float@everytoks=\toks27
\@floatcapt=\box56
) (D:\Miktex\tex/latex/siunitx\siunitx.sty
Package: siunitx 2025-07-09 v3.4.14 A comprehensive (SI) units package
\l__siunitx_number_uncert_offset_int=\count305
\l__siunitx_number_exponent_fixed_int=\count306
\l__siunitx_number_min_decimal_int=\count307
\l__siunitx_number_min_integer_int=\count308
\l__siunitx_number_round_precision_int=\count309
\l__siunitx_number_lower_threshold_int=\count310
\l__siunitx_number_upper_threshold_int=\count311
\l__siunitx_number_group_first_int=\count312
\l__siunitx_number_group_size_int=\count313
\l__siunitx_number_group_minimum_int=\count314
\l__siunitx_angle_tmp_dim=\dimen177
\l__siunitx_angle_marker_box=\box57
\l__siunitx_angle_unit_box=\box58
\l__siunitx_compound_count_int=\count315
 (D:\Miktex\tex/latex/translations\translations.sty
Package: translations 2022/02/05 v1.12 internationalization of LaTeX2e packages (CN)
 (D:\Miktex\tex/latex/etoolbox\etoolbox.sty
Package: etoolbox 2025/10/02 v2.5m e-TeX tools for LaTeX (JAW)
\etb@tempcnta=\count316
) (D:\Miktex\tex/generic/pdftexcmds\pdftexcmds.sty
Package: pdftexcmds 2020-06-27 v0.33 Utility functions of pdfTeX for LuaTeX (HO)
 (D:\Miktex\tex/generic/infwarerr\infwarerr.sty
Package: infwarerr 2019/12/03 v1.5 Providing info/warning/error messages (HO)
) (D:\Miktex\tex/generic/ltxcmds\ltxcmds.sty
Package: ltxcmds 2023-12-04 v1.26 LaTeX kernel commands for general use (HO)
)
Package pdftexcmds Info: \pdf@primitive is available.
Package pdftexcmds Info: \pdf@ifprimitive is available.
Package pdftexcmds Info: \pdfdraftmode found.
))
\l__siunitx_table_tmp_box=\box59
\l__siunitx_table_tmp_dim=\dimen178
\l__siunitx_table_column_width_dim=\dimen179
\l__siunitx_table_integer_box=\box60
\l__siunitx_table_decimal_box=\box61
\l__siunitx_table_uncert_box=\box62
\l__siunitx_table_before_box=\box63
\l__siunitx_table_after_box=\box64
\l__siunitx_table_before_dim=\dimen180
\l__siunitx_table_carry_dim=\dimen181
\l__siunitx_unit_tmp_int=\count317
\l__siunitx_unit_position_int=\count318
\l__siunitx_unit_total_int=\count319
 (D:\Miktex\tex/latex/tools\array.sty
Package: array 2025/09/25 v2.6n Tabular extension package (FMi)
\col@sep=\dimen182
\ar@mcellbox=\box65
\extrarowheight=\dimen183
\NC@list=\toks28
\extratabsurround=\skip54
\backup@length=\skip55
\ar@cellbox=\box66
)) (D:\Miktex\tex/latex/booktabs\booktabs.sty
Package: booktabs 2020/01/12 v1.61803398 Publication quality tables
\heavyrulewidth=\dimen184
\lightrulewidth=\dimen185
\cmidrulewidth=\dimen186
\belowrulesep=\dimen187
\belowbottomsep=\dimen188
\aboverulesep=\dimen189
\abovetopsep=\dimen190
\cmidrulesep=\dimen191
\cmidrulekern=\dimen192
\defaultaddspace=\dimen193
\@cmidla=\count320
\@cmidlb=\count321
\@aboverulesep=\dimen194
\@belowrulesep=\dimen195
\@thisruleclass=\count322
\@lastruleclass=\count323
\@thisrulewidth=\dimen196
) (D:\Miktex\tex/latex/tools\afterpage.sty
Package: afterpage 2023/07/04 v1.08 After-Page Package (DPC)
\AP@output=\toks29
\AP@partial=\box67
\AP@footins=\box68
) (D:\Miktex\tex/latex/graphics\color.sty
Package: color 2025/01/14 v1.3e Standard LaTeX Color (DPC)
 (D:\Miktex\tex/latex/graphics-cfg\color.cfg
File: color.cfg 2016/01/02 v1.6 sample color configuration
)
Package color Info: Driver file: pdftex.def on input line 149.
 (D:\Miktex\tex/latex/graphics\mathcolor.ltx)) (D:\Miktex\tex/latex/l3backend\l3backend-pdftex.def
File: l3backend-pdftex.def 2025-10-09 L3 backend support: PDF output (pdfTeX)
\l__color_backend_stack_int=\count324
) (Diod Shottki.aux

LaTeX Warning: Label `fig:placeholder' multiply defined.


LaTeX Warning: Label `fig:placeholder' multiply defined.


LaTeX Warning: Label `fig:placeholder' multiply defined.


LaTeX Warning: Label `fig:placeholder' multiply defined.


LaTeX Warning: Label `fig:placeholder' multiply defined.


LaTeX Warning: Label `fig:placeholder' multiply defined.


LaTeX Warning: Label `fig:placeholder' multiply defined.


LaTeX Warning: Label `fig:placeholder' multiply defined.


LaTeX Warning: Label `fig:placeholder' multiply defined.


LaTeX Warning: Label `fig:placeholder' multiply defined.


LaTeX Warning: Label `fig:placeholder' multiply defined.


LaTeX Warning: Label `fig:placeholder' multiply defined.


LaTeX Warning: Label `fig:placeholder' multiply defined.


LaTeX Warning: Label `fig:placeholder' multiply defined.


LaTeX Warning: Label `fig:placeholder' multiply defined.


LaTeX Warning: Label `fig:placeholder' multiply defined.


LaTeX Warning: Label `fig:placeholder' multiply defined.


LaTeX Warning: Label `fig:placeholder' multiply defined.

)
\openout1 = `"Diod Shottki.aux"'.

LaTeX Font Info:    Checking defaults for OML/cmm/m/it on input line 28.
LaTeX Font Info:    ... okay on input line 28.
LaTeX Font Info:    Checking defaults for OMS/cmsy/m/n on input line 28.
LaTeX Font Info:    ... okay on input line 28.
LaTeX Font Info:    Checking defaults for OT1/cmr/m/n on input line 28.
LaTeX Font Info:    ... okay on input line 28.
LaTeX Font Info:    Checking defaults for T1/cmr/m/n on input line 28.
LaTeX Font Info:    ... okay on input line 28.
LaTeX Font Info:    Checking defaults for TS1/cmr/m/n on input line 28.
LaTeX Font Info:    ... okay on input line 28.
LaTeX Font Info:    Checking defaults for OMX/cmex/m/n on input line 28.
LaTeX Font Info:    ... okay on input line 28.
LaTeX Font Info:    Checking defaults for U/cmr/m/n on input line 28.
LaTeX Font Info:    ... okay on input line 28.
LaTeX Font Info:    Checking defaults for T2A/cmr/m/n on input line 28.
LaTeX Font Info:    ... okay on input line 28.

*geometry* driver: auto-detecting
*geometry* detected driver: pdftex
*geometry* verbose mode - [ preamble ] result:
* driver: pdftex
* paper: a4paper
* layout: <same size as paper>
* layoutoffset:(h,v)=(0.0pt,0.0pt)
* modes: 
* h-part:(L,W,R)=(56.9055pt, 483.69687pt, 56.9055pt)
* v-part:(T,H,B)=(56.9055pt, 731.23584pt, 56.9055pt)
* \paperwidth=597.50787pt
* \paperheight=845.04684pt
* \textwidth=483.69687pt
* \textheight=731.23584pt
* \oddsidemargin=-15.36449pt
* \evensidemargin=-15.36449pt
* \topmargin=-52.36449pt
* \headheight=12.0pt
* \headsep=25.0pt
* \topskip=12.0pt
* \footskip=30.0pt
* \marginparwidth=35.0pt
* \marginparsep=10.0pt
* \columnsep=10.0pt
* \skip\footins=10.8pt plus 4.0pt minus 2.0pt
* \hoffset=0.0pt
* \voffset=0.0pt
* \mag=1000
* \@twocolumnfalse
* \@twosidefalse
* \@mparswitchfalse
* \@reversemarginfalse
* (1in=72.27pt=25.4mm, 1cm=28.453pt)

LaTeX Info: Redefining \th on input line 28.
Package caption Info: Begin \AtBeginDocument code.
Package caption Info: float package is loaded.
Package caption Info: End \AtBeginDocument code.
(D:\Miktex\tex/context/base/mkii\supp-pdf.mkii
[Loading MPS to PDF converter (version 2006.09.02).]
\scratchcounter=\count325
\scratchdimen=\dimen197
\scratchbox=\box69
\nofMPsegments=\count326
\nofMParguments=\count327
\everyMPshowfont=\toks30
\MPscratchCnt=\count328
\MPscratchDim=\dimen198
\MPnumerator=\count329
\makeMPintoPDFobject=\count330
\everyMPtoPDFconversion=\toks31
) (D:\Miktex\tex/latex/epstopdf-pkg\epstopdf-base.sty
Package: epstopdf-base 2020-01-24 v2.11 Base part for package epstopdf
Package epstopdf-base Info: Redefining graphics rule for `.eps' on input line 485.
 (D:\Miktex\tex/latex/00miktex\epstopdf-sys.cfg
File: epstopdf-sys.cfg 2021/03/18 v2.0 Configuration of epstopdf for MiKTeX
)) (D:\Miktex\tex/latex/translations/dicts\translations-basic-dictionary-english.trsl
File: translations-basic-dictionary-english.trsl (english translation file `translations-basic-dictionary')
)
Package translations Info: loading dictionary `translations-basic-dictionary' for `english'. on input line 28.
Package translations Info: no dictionary file `translations-basic-dictionary-russian.trsl' found. on input line 28.
 (Diod Shottki.toc)
\tf@toc=\write3
\openout3 = `"Diod Shottki.toc"'.

 [1

{C:/Users/vendo/AppData/Local/MiKTeX/fonts/map/pdftex/pdftex.map}]
Overfull \hbox (7.23549pt too wide) in paragraph at lines 35--36
\T2A/cmr/m/n/12 принципиальное различие определяет ключевые эксплуатационные преимущества и область
 []


Overfull \hbox (39.14516pt too wide) in paragraph at lines 39--40
\T2A/cmr/m/n/12 В отличие от стандартных диодов, где носителям заряда необходимо преодолевать потенциальный
 []


Overfull \hbox (21.00978pt too wide) in paragraph at lines 42--43
[]\T2A/cmr/bx/n/12 Высокое быстродействие: \T2A/cmr/m/n/12 В диодах Шоттки (ДШ) отсутствуют процессы накопления
 []


Overfull \hbox (21.86093pt too wide) in paragraph at lines 42--43
\T2A/cmr/m/n/12 и рассасывания неосновных носителей заряда, так как ток переносится только основными
 []

[2

]
Overfull \hbox (26.1537pt too wide) in paragraph at lines 59--60
\T2A/cmr/bx/n/12 Цель работы: \T2A/cmr/m/n/12 Исследование физических принципов работы и экспериментальное определение
 []


Overfull \hbox (5.7622pt too wide) in paragraph at lines 64--65
[]\T2A/cmr/m/n/12 Экспериментальное снятие вольт-амперной характеристики (ВАХ) полученного диода
 []


Overfull \hbox (24.684pt too wide) in paragraph at lines 65--66
[]\T2A/cmr/m/n/12 Построение ВАХ в полулогарифмическом масштабе и проведение расчетного определения
 []


Overfull \hbox (5.76974pt too wide) in paragraph at lines 66--67
\T2A/cmr/m/n/12 проведение сравнительного анализа полученного значения с высотой барьера Шоттки. 
 []


Overfull \hbox (19.79898pt too wide) in paragraph at lines 67--68
[]\T2A/cmr/m/n/12 Расчет емкости диода Шоттки и проведение сравнительного анализа с характеристиками
 []


Overfull \hbox (2.84138pt too wide) in paragraph at lines 72--75
\T2A/cmr/m/n/12 зондами, платформу с вакуумной фиксацией образца, АЦП и ЭВМ со специализированным
 []


Overfull \hbox (2.81236pt too wide) in paragraph at lines 72--75
\T2A/cmr/m/n/12 программным обеспечением для автоматического съјма ВАХ и ВФХ. Образец - кремниевая
 []


Overfull \hbox (3.2462pt too wide) in paragraph at lines 78--79
\T2A/cmr/m/n/12 Диод Шоттки представляет собой выпрямитель тока, основанный на нелинейном характере
 []


Overfull \hbox (63.68694pt too wide) in paragraph at lines 78--79
\T2A/cmr/m/n/12 видов электронных выпрямителей (электровакуумные диоды или диоды на основе полупроводниковых
 []


Overfull \hbox (1.9375pt too wide) in paragraph at lines 85--86
[]\T2A/cmr/m/n/12 Диоды Шоттки широко используются в технике СВЧ в качестве детекторов, смесителей
 []


Overfull \hbox (29.41608pt too wide) in paragraph at lines 89--90
\T2A/cmr/m/n/12 Механизм работы диода Шоттки обычно рассматривают с помощью энергетической диаграммы.
 []

[3]
Overfull \hbox (11.04219pt too wide) in paragraph at lines 91--92
\T2A/cmr/m/n/12 нулю. Энергетическая диаграмма свободного пространства состоит из одной горизонтальной
 []


Overfull \hbox (17.05737pt too wide) in paragraph at lines 93--94
\T2A/cmr/m/n/12 электронов, находящихся в потенциальной яме, может принимать лишь дискретные значения.
 []


Overfull \hbox (5.10793pt too wide) in paragraph at lines 93--94
\T2A/cmr/m/n/12 Вероятность заполнения $\OML/cmm/m/it/12 f$ \T2A/cmr/m/n/12 электронами уровня с энергией $\OML/cmm/m/it/12 E$ \T2A/cmr/m/n/12 описывается функцией Ферми-
 []

<image.png, id=18, 725.71124pt x 455.45157pt>
File: image.png Graphic file (type png)
<use image.png>
Package pdftex.def Info: image.png  used on input line 109.
(pdftex.def)             Requested size: 435.32422pt x 273.2105pt.

Underfull \hbox (badness 1502) in paragraph at lines 110--110
[]\T2A/cmr/m/n/12 Рис. 1 |Энергетические диаграммы: (а) металла, (б) диэлектрика и собственного
 []


Overfull \hbox (8.96484pt too wide) in paragraph at lines 114--115
[]\T2A/cmr/m/n/12 Минимальная работа, необходимая для удаления электрона из металла на бесконечность,
 []


Overfull \hbox (12.13148pt too wide) in paragraph at lines 120--121
[]\T2A/cmr/m/n/12 У донорной примеси энергетические уровни располагаются в запрещенной зоне немного
 []

[4 <./image.png>]
Overfull \hbox (47.10971pt too wide) in paragraph at lines 128--129
[]\T2A/cmr/m/n/12 Рассмотрим контакт между металлом и донорным полупроводником с $\OML/cmm/m/it/12 '[] < '[]$\T2A/cmr/m/n/12 . Энергетические
 []


Overfull \hbox (29.26122pt too wide) in paragraph at lines 130--131
[]\T2A/cmr/m/n/12 При обеспечении электрического контакта электроны из зоны проводимости полупроводника
 []

<image2.png, id=29, 540.51938pt x 353.82187pt>
File: image2.png Graphic file (type png)
<use image2.png>
Package pdftex.def Info: image2.png  used on input line 146.
(pdftex.def)             Requested size: 435.32422pt x 284.96907pt.

Underfull \hbox (badness 4060) in paragraph at lines 147--147
[]\T2A/cmr/m/n/12 Рис. 2 |Образование барьера в диоде Шоттки: (а) энергетические диаграммы
 []

[5 <./image2.png>]
Overfull \hbox (22.57191pt too wide) in paragraph at lines 157--158
[]\T2A/cmr/m/n/12 Узкий барьер не препятствует обмену электронами за счет эффекта квантовомеханического
 []


Overfull \hbox (2.9872pt too wide) in paragraph at lines 161--162
\T2A/cmr/m/n/12 Барьер Шоттки затрудняет обмен носителями заряда между металлом и полупроводником.
 []

<image3.png, id=36, 708.39656pt x 223.58531pt>
File: image3.png Graphic file (type png)
<use image3.png>
Package pdftex.def Info: image3.png  used on input line 185.
(pdftex.def)             Requested size: 435.32422pt x 137.40009pt.

Underfull \hbox (badness 4048) in paragraph at lines 186--186
[]\T2A/cmr/m/n/12 Рис. 3 |Энергетическая диаграмма контакта металл-полупроводник при внешнем
 []

<p1.png, id=37, 148.30406pt x 118.94438pt>
File: p1.png Graphic file (type png)
<use p1.png>
Package pdftex.def Info: p1.png  used on input line 205.
(pdftex.def)             Requested size: 338.58632pt x 271.59708pt.

LaTeX Warning: `h' float specifier changed to `ht'.


Overfull \hbox (11.75539pt too wide) in paragraph at lines 212--213
\T2A/cmr/m/n/12 Рассмотрим контакт между металлом и полупроводником с $\OML/cmm/m/it/12 '[] < '[]$ \T2A/cmr/m/n/12 (рис. 5). Электрическое
 []

[6 <./image3.png>]
<p2.png, id=43, 178.41656pt x 91.09032pt>
File: p2.png Graphic file (type png)
<use p2.png>
Package pdftex.def Info: p2.png  used on input line 222.
(pdftex.def)             Requested size: 338.58632pt x 172.8732pt.

Overfull \hbox (0.5481pt too wide) in paragraph at lines 227--228
[]\T2A/cmr/m/n/12 Вольт-амперная характеристика такой структуры описывается законом Ома и является
 []


Overfull \hbox (28.26889pt too wide) in paragraph at lines 229--230
[]\T2A/cmr/m/n/12 Сопротивление растекания $\OML/cmm/m/it/12 R[]$ \T2A/cmr/m/n/12 круглого металлического контакта радиуса $\OML/cmm/m/it/12 r$\T2A/cmr/m/n/12 , расположенного
 []

[7 <./p1.png> <./p2.png>]
Overfull \hbox (69.06686pt too wide) in paragraph at lines 239--240
\T2A/cmr/m/n/12 Для сравнения с теорией строят прямую ветвь вольт-амперной характеристики в полулогарифмическом
 []

<p3.png, id=50, 128.73094pt x 107.65219pt>
File: p3.png Graphic file (type png)
<use p3.png>
Package pdftex.def Info: p3.png  used on input line 249.
(pdftex.def)             Requested size: 338.58632pt x 283.17105pt.

Overfull \hbox (14.98135pt too wide) in paragraph at lines 270--271
[]\T2A/cmr/m/n/12 Линейно экстраполируя характеристику к нулевому напряжению, находят $\OML/cmm/m/it/12 I[]$ \T2A/cmr/m/n/12 и вычисляют
 []


Overfull \hbox (29.90968pt too wide) in paragraph at lines 278--279
\T2A/cmr/m/n/12 Поверхностные электронные состояния возникают на поверхности полупроводника в результате: 
 []

[8 <./p3.png>]
<image7.png, id=55, 558.58687pt x 269.50688pt>
File: image7.png Graphic file (type png)
<use image7.png>
Package pdftex.def Info: image7.png  used on input line 293.
(pdftex.def)             Requested size: 435.32422pt x 210.0418pt.

Overfull \hbox (27.79434pt too wide) in paragraph at lines 306--307
[]\T2A/cmr/m/n/12 При толщине более $\OT1/cmr/m/n/12 100$ []\T2A/cmr/m/n/12 A --- обмен носителями происходит только через зону проводимости
 []

<p4.png, id=56, 179.16937pt x 215.30438pt>
File: p4.png Graphic file (type png)
<use p4.png>
Package pdftex.def Info: p4.png  used on input line 317.
(pdftex.def)             Requested size: 241.84843pt x 290.64508pt.

LaTeX Warning: `h' float specifier changed to `ht'.

<p5.png, id=57, 204.01219pt x 190.46156pt>
File: p5.png Graphic file (type png)
<use p5.png>
Package pdftex.def Info: p5.png  used on input line 333.
(pdftex.def)             Requested size: 386.95897pt x 361.2762pt.

LaTeX Warning: `h' float specifier changed to `ht'.

[9 <./image7.png>] [10 <./p4.png>]
Overfull \hbox (18.38014pt too wide) in paragraph at lines 384--385
\T2A/cmr/m/n/12 новое сопротивление. Из полученных данных найдем погонную плотность рамки и внутреннее
 []

[11 <./p5.png>]
<image8.png, id=70, 1284.8pt x 579.16376pt>
File: image8.png Graphic file (type png)
<use image8.png>
Package pdftex.def Info: image8.png  used on input line 395.
(pdftex.def)             Requested size: 241.84843pt x 109.01712pt.
<d14.jpg, id=71, 933.4875pt x 661.47125pt>
File: d14.jpg Graphic file (type jpg)
<use d14.jpg>
Package pdftex.def Info: d14.jpg  used on input line 402.
(pdftex.def)             Requested size: 362.77264pt x 257.06436pt.
<d15.jpg, id=72, 904.37875pt x 667.49374pt>
File: d15.jpg Graphic file (type jpg)
<use d15.jpg>
Package pdftex.def Info: d15.jpg  used on input line 409.
(pdftex.def)             Requested size: 362.77264pt x 267.74648pt.
 [12 <./image8.png (PNG copy)> <./d14.jpg>]
Overfull \hbox (13.27208pt too wide) in paragraph at lines 420--421
[]\T2A/cmr/m/n/12 Полное сопротивление электрической схемы складывается из внутреннего сопротивления,
 []

<image9.png, id=77, 1156.32pt x 399.4925pt>
File: image9.png Graphic file (type png)
<use image9.png>
Package pdftex.def Info: image9.png  used on input line 438.
(pdftex.def)             Requested size: 362.77264pt x 125.32875pt.
[13 <./d15.jpg>]
<d17.jpg, id=82, 903.375pt x 665.48625pt>
File: d17.jpg Graphic file (type jpg)
<use d17.jpg>
Package pdftex.def Info: d17.jpg  used on input line 445.
(pdftex.def)             Requested size: 362.77264pt x 267.24585pt.

Overfull \hbox (16.02971pt too wide) in paragraph at lines 451--452
\T2A/cmr/m/n/12 Измерим ВАХ такой структуры в двух случаях: зонды располагаются на соседних площадках
 []


Overfull \hbox (18.71065pt too wide) in paragraph at lines 451--452
\T2A/cmr/m/n/12 будет найдено сопротивление контакта. Общее сопротивление складывается из сопротивления
 []

[14 <./image9.png (PNG copy)> <./d17.jpg>]
Overfull \hbox (4.12039pt too wide) in paragraph at lines 473--474
[]\T2A/cmr/m/n/12 Найдем удельное сопротивление, нормированное на площадь. По порядку оно совпадает
 []

<image10.png, id=86, 676.77844pt x 224.33812pt>
File: image10.png Graphic file (type png)
<use image10.png>
Package pdftex.def Info: image10.png  used on input line 480.
(pdftex.def)             Requested size: 314.40001pt x 104.22029pt.
<d18.jpg, id=87, 921.4425pt x 660.4675pt>
File: d18.jpg Graphic file (type jpg)
<use d18.jpg>
Package pdftex.def Info: d18.jpg  used on input line 487.
(pdftex.def)             Requested size: 362.77264pt x 260.02014pt.
<d19.jpg, id=88, 918.43124pt x 661.47125pt>
File: d19.jpg Graphic file (type jpg)
<use d19.jpg>
Package pdftex.def Info: d19.jpg  used on input line 494.
(pdftex.def)             Requested size: 362.77264pt x 261.27322pt.
[15 <./image10.png> <./d18.jpg>]
Overfull \hbox (2.76079pt too wide) in paragraph at lines 502--503
\T2A/cmr/m/n/12 Установим один зонд на алюминиевую рамку, другой на контактную площадку невплавлен-
 []

<F1.png, id=93, 722.7pt x 433.62pt>
File: F1.png Graphic file (type png)
<use F1.png>
Package pdftex.def Info: F1.png  used on input line 507.
(pdftex.def)             Requested size: 411.14528pt x 246.68958pt.
[16 <./d19.jpg> <./F1.png>]
<F2.png, id=98, 722.7pt x 433.62pt>
File: F2.png Graphic file (type png)
<use F2.png>
Package pdftex.def Info: F2.png  used on input line 516.
(pdftex.def)             Requested size: 411.14528pt x 246.68958pt.

Overfull \hbox (23.87714pt too wide) in paragraph at lines 534--534
[]\T2A/cmr/m/n/12 Определим высоту энергетического барьера контакта Шоттки и коэффициента идеальности
 []


Overfull \hbox (11.51978pt too wide) in paragraph at lines 538--539
[]\T2A/cmr/m/n/12 Высота барьера при влюченном свете: $\OML/cmm/m/it/12 ^^^[] \OT1/cmr/m/n/12 = [] []  [] = []\OML/cmm/m/it/12 ln\OT1/cmr/m/n/12 ([]) =
 []


Overfull \hbox (26.53pt too wide) in paragraph at lines 539--540
[]\T2A/cmr/m/n/12 Высота барьера при выключенном свете: $\OML/cmm/m/it/12 ^^^[] \OT1/cmr/m/n/12 = [] []  [] = []\OML/cmm/m/it/12 ln\OT1/cmr/m/n/12 ([]) =
 []

<ppp.jpg, id=99, 1039.885pt x 699.61375pt>
File: ppp.jpg Graphic file (type jpg)
<use ppp.jpg>
Package pdftex.def Info: ppp.jpg  used on input line 587.
(pdftex.def)             Requested size: 411.14528pt x 276.60594pt.
<pp.jpg, id=100, 1055.945pt x 706.64pt>
File: pp.jpg Graphic file (type jpg)
<use pp.jpg>
Package pdftex.def Info: pp.jpg  used on input line 601.
(pdftex.def)             Requested size: 411.14528pt x 275.13562pt.
[17 <./F2.png>]
<F6.png, id=105, 722.7pt x 505.89pt>
File: F6.png Graphic file (type png)
<use F6.png>
Package pdftex.def Info: F6.png  used on input line 621.
(pdftex.def)             Requested size: 411.14528pt x 287.8045pt.
 [18 <./ppp.jpg> <./pp.jpg>]
<F7.png, id=109, 729.47531pt x 319.1925pt>
File: F7.png Graphic file (type png)
<use F7.png>
Package pdftex.def Info: F7.png  used on input line 635.
(pdftex.def)             Requested size: 411.14528pt x 179.90088pt.

Overfull \hbox (49.11914pt too wide) detected at line 642
\OML/cmm/m/it/12 N \OT1/cmr/m/n/12 = []  = [] = 8\OML/cmm/m/it/12 :\OT1/cmr/m/n/12 01 \OMS/cmsy/m/n/12 ^^C \OT1/cmr/m/n/12 10[][][]
 []


Overfull \hbox (11.0817pt too wide) in paragraph at lines 645--646
\T2A/cmr/m/n/12 Установим один зонд на невплавленный контакт алюминия, другой на контактную площадку
 []

<image11.png, id=110, 1284.8pt x 759.83875pt>
File: image11.png Graphic file (type png)
<use image11.png>
Package pdftex.def Info: image11.png  used on input line 649.
(pdftex.def)             Requested size: 241.84843pt x 143.02592pt.
[19 <./F6.png> <./F7.png>]
Overfull \hbox (30.45473pt too wide) in paragraph at lines 678--686
[]\T2A/cmr/m/n/12 концентрацию примеси как $\OML/cmm/m/it/12 N \OT1/cmr/m/n/12 = []  = [] =
 []

<p71.jpg, id=117, 901.3675pt x 547.04375pt>
File: p71.jpg Graphic file (type jpg)
<use p71.jpg>
Package pdftex.def Info: p71.jpg  used on input line 701.
(pdftex.def)             Requested size: 411.14528pt x 249.53133pt.
<p72.jpg, id=118, 1041.8925pt x 705.63625pt>
File: p72.jpg Graphic file (type jpg)
<use p72.jpg>
Package pdftex.def Info: p72.jpg  used on input line 708.
(pdftex.def)             Requested size: 411.14528pt x 278.4487pt.
[20 <./image11.png (PNG copy)> <./p71.jpg>]
<p73.jpg, id=123, 1033.8625pt x 659.46375pt>
File: p73.jpg Graphic file (type jpg)
<use p73.jpg>
Package pdftex.def Info: p73.jpg  used on input line 722.
(pdftex.def)             Requested size: 411.14528pt x 262.2513pt.
<p74.jpg, id=124, 1030.85126pt x 661.47125pt>
File: p74.jpg Graphic file (type jpg)
<use p74.jpg>
Package pdftex.def Info: p74.jpg  used on input line 728.
(pdftex.def)             Requested size: 411.14528pt x 263.81673pt.
 [21 <./p72.jpg> <./p73.jpg>]
Overfull \hbox (15.97638pt too wide) in paragraph at lines 811--812
\T2A/cmr/m/n/12 Концентрация примеси сходится по порядку с табличной, также были найдены сопротивление
 []

[22 <./p74.jpg>] (Diod Shottki.aux)
 ***********
LaTeX2e <2025-11-01>
L3 programming layer <2026-01-19>
 ***********


LaTeX Warning: There were multiply-defined labels.

 ) 
Here is how much of TeX's memory you used:
 11038 strings out of 467866
 236350 string characters out of 5435154
 616032 words of memory out of 5000000
 39811 multiletter control sequences out of 15000+600000
 637944 words of font info for 61 fonts, out of 8000000 for 9000
 1141 hyphenation exceptions out of 8191
 73i,7n,80p,703b,543s stack positions out of 10000i,1000n,20000p,200000b,200000s
 <C:\Users\vendo\AppData\Local\MiKTeX\fonts/pk/ljfour/lh/lh-t2a/dpi600\larm0800.pk> <C:\Users\vendo\AppData\Local\MiKTeX\fonts/pk/ljfour/jknappen/ec/dpi600\tcrm1200.pk> <C:\Users\vendo\AppData\Local\MiKTeX\fonts/pk/ljfour/lh/lh-t2a/dpi600\labx1440.pk> <C:\Users\vendo\AppData\Local\MiKTeX\fonts/pk/ljfour/lh/lh-t2a/dpi600\larm1200.pk> <C:\Users\vendo\AppData\Local\MiKTeX\fonts/pk/ljfour/lh/lh-t2a/dpi600\labx1200.pk> <C:\Users\vendo\AppData\Local\MiKTeX\fonts/pk/ljfour/lh/lh-t2a/dpi600\labx1728.pk><D:/Miktex/fonts/type1/public/amsfonts/cm/cmex10.pfb><D:/Miktex/fonts/type1/public/amsfonts/cmextra/cmex8.pfb><D:/Miktex/fonts/type1/public/amsfonts/cm/cmmi12.pfb><D:/Miktex/fonts/type1/public/amsfonts/cm/cmmi6.pfb><D:/Miktex/fonts/type1/public/amsfonts/cm/cmmi8.pfb><D:/Miktex/fonts/type1/public/amsfonts/cm/cmr12.pfb><D:/Miktex/fonts/type1/public/amsfonts/cm/cmr6.pfb><D:/Miktex/fonts/type1/public/amsfonts/cm/cmr8.pfb><D:/Miktex/fonts/type1/public/amsfonts/cm/cmsy10.pfb><D:/Miktex/fonts/type1/public/amsfonts/cm/cmsy6.pfb><D:/Miktex/fonts/type1/public/amsfonts/cm/cmsy8.pfb>
Output written on "Diod Shottki.pdf" (22 pages, 1515163 bytes).
PDF statistics:
 461 PDF objects out of 1000 (max. 8388607)
 0 named destinations out of 1000 (max. 500000)
 141 words of extra memory for PDF output out of 10000 (max. 10000000)

